#
# A fatal error has been detected by the Java Runtime Environment:
#
#  SIGSEGV (0xb) at pc=0x00007f4ebe4bc94e, pid=10297, tid=10378
#
# JRE version: OpenJDK Runtime Environment (11.0.9+11) (build 11.0.9+11-post-Uos-1deb10u1)
# Java VM: OpenJDK 64-Bit Server VM (11.0.9+11-post-Uos-1deb10u1, mixed mode, sharing, tiered, compressed oops, parallel gc, linux-amd64)
# Problematic frame:
# V  [libjvm.so+0xa1b94e]
#
# No core dump will be written. Core dumps have been disabled. To enable core dumping, try "ulimit -c unlimited" before starting Java again
#
# If you would like to submit a bug report, please visit:
#   Unknown
#

---------------  S U M M A R Y ------------

Command Line: --add-modules=ALL-SYSTEM --add-opens=java.base/java.util=ALL-UNNAMED --add-opens=java.base/java.lang=ALL-UNNAMED -Declipse.application=org.eclipse.jdt.ls.core.id1 -Dosgi.bundles.defaultStartLevel=4 -Declipse.product=org.eclipse.jdt.ls.core.product -Dfile.encoding=utf8 -XX:+UseParallelGC -XX:GCTimeRatio=4 -XX:AdaptiveSizePolicyWeight=90 -Dsun.zip.disableMemoryMapping=true -Xmx1G -Xms100m -javaagent:/home/rodrigo/.vscode/extensions/gabrielbb.vscode-lombok-1.0.1/server/lombok.jar -Xverify:none /home/rodrigo/.vscode/extensions/redhat.java-0.72.0/server/plugins/org.eclipse.equinox.launcher_1.6.0.v20200915-1508.jar -configuration /home/rodrigo/.config/Code/User/globalStorage/redhat.java/0.72.0/config_linux -data /home/rodrigo/.config/Code/User/workspaceStorage/d56b54429a19c016c7d376f4fb1a2344/redhat.java/jdt_ws

Host: Intel(R) Core(TM) i3-2350M CPU @ 2.30GHz, 4 cores, 7G, Deepin 20
Time: Sun Dec 13 19:23:41 2020 -03 elapsed time: 20.146410 seconds (0d 0h 0m 20s)

---------------  T H R E A D  ---------------

Current thread (0x00007f4e7c425000):  JavaThread "C2 CompilerThread1" daemon [_thread_in_native, id=10378, stack(0x00007f4e4acf9000,0x00007f4e4adfa000)]


Current CompileTask:
C2:  20146 5167       4       org.objectweb.asm.ClassReader::readMethod (1052 bytes)

Stack: [0x00007f4e4acf9000,0x00007f4e4adfa000],  sp=0x00007f4e4adf55b0,  free space=1009k
Native frames: (J=compiled Java code, A=aot compiled Java code, j=interpreted, Vv=VM code, C=native code)
V  [libjvm.so+0xa1b94e]
V  [libjvm.so+0x51d198]
V  [libjvm.so+0x52148b]
V  [libjvm.so+0x5cf057]
V  [libjvm.so+0x5d2779]
V  [libjvm.so+0x4fc810]
V  [libjvm.so+0x5db857]
V  [libjvm.so+0x5dcb78]
V  [libjvm.so+0xce3670]
V  [libjvm.so+0xcdf529]
V  [libjvm.so+0xb5211e]


siginfo: si_signo: 11 (SIGSEGV), si_code: 1 (SEGV_MAPERR), si_addr: 0x00007f4abeab4560

Register to memory mapping:

RAX=0x00007f4abeab4558 is an unknown value
RBX=0x00007f4e2c1ebe00 points into unknown readable memory: 70 9d ae be 4e 7f 00 00
RCX=0x0000000000000008 is an unknown value
RDX=0x00007f4e2d2eebf0 points into unknown readable memory: 00 00 00 00 00 00 00 00
RSP=0x00007f4e4adf55b0 is pointing into the stack for thread: 0x00007f4e7c425000
RBP=0x00007f4e4adf55f0 is pointing into the stack for thread: 0x00007f4e7c425000
RSI=0x0000000000000001 is an unknown value
RDI=0x00007f4e2c1ebea8 points into unknown readable memory: 58 45 ab be 4a 7f 00 00
R8 =0x0 is NULL
R9 =0x00007f4e2d2eebe0 points into unknown readable memory: c0 02 00 00 01 00 01 00
R10=0x00007f4e2d2e314c points into unknown readable memory: 01 00 01 00
R11=0x0 is NULL
R12=0x0000000000000001 is an unknown value
R13=0x0000000000000001 is an unknown value
R14=0x000000000000040b is an unknown value
R15=0x00007f4e2c1ebe00 points into unknown readable memory: 70 9d ae be 4e 7f 00 00


Registers:
RAX=0x00007f4abeab4558, RBX=0x00007f4e2c1ebe00, RCX=0x0000000000000008, RDX=0x00007f4e2d2eebf0
RSP=0x00007f4e4adf55b0, RBP=0x00007f4e4adf55f0, RSI=0x0000000000000001, RDI=0x00007f4e2c1ebea8
R8 =0x0000000000000000, R9 =0x00007f4e2d2eebe0, R10=0x00007f4e2d2e314c, R11=0x0000000000000000
R12=0x0000000000000001, R13=0x0000000000000001, R14=0x000000000000040b, R15=0x00007f4e2c1ebe00
RIP=0x00007f4ebe4bc94e, EFLAGS=0x0000000000010246, CSGSFS=0x002b000000000033, ERR=0x0000000000000004
  TRAPNO=0x000000000000000e

Top of Stack: (sp=0x00007f4e4adf55b0)
0x00007f4e4adf55b0:   00007f4e2d2ee8d0 0000000000000008
0x00007f4e4adf55c0:   00007f4e4adf55f0 00007f4e2c1ebe00
0x00007f4e4adf55d0:   00007f4e4adf5a50 0000000000000001
0x00007f4e4adf55e0:   000000000000040b 00007f4e2d2eebf0 

Instructions: (pc=0x00007f4ebe4bc94e)
0x00007f4ebe4bc84e:   66 66 48 e8 9a 1c 85 ff 89 de 48 8b 00 48 8b 80
0x00007f4ebe4bc85e:   e8 04 00 00 48 8b 80 88 00 00 00 4c 8b a8 f0 07
0x00007f4ebe4bc86e:   00 00 49 8b 44 24 08 48 8b 3c f0 48 8b 07 ff 50
0x00007f4ebe4bc87e:   68 89 c0 49 8b 84 c5 08 0b 00 00 48 83 c4 08 5b
0x00007f4ebe4bc88e:   41 5c 41 5d 5d c3 0f 1f 40 00 48 8d 05 d1 57 5f
0x00007f4ebe4bc89e:   00 48 8b 00 48 83 c4 08 5b 41 5c 41 5d 5d c3 0f
0x00007f4ebe4bc8ae:   1f 00 89 f6 48 8d 04 b6 48 8d 14 46 48 8b 47 40
0x00007f4ebe4bc8be:   48 8d 04 d0 c3 0f 1f 44 00 00 ff d2 e9 73 ff ff
0x00007f4ebe4bc8ce:   ff 90 55 48 89 e5 41 57 49 89 ff 41 56 41 55 41
0x00007f4ebe4bc8de:   54 41 89 f4 53 48 83 ec 18 48 8b 07 ff 90 c0 00
0x00007f4ebe4bc8ee:   00 00 44 39 e0 76 4b 66 48 8d 3d d3 56 69 00 66
0x00007f4ebe4bc8fe:   66 48 e8 eb 1b 85 ff 48 8b 00 48 8b 80 e8 04 00
0x00007f4ebe4bc90e:   00 48 8b 80 88 00 00 00 48 8b 80 f0 07 00 00 48
0x00007f4ebe4bc91e:   8b 90 b8 0a 00 00 48 83 c4 18 48 89 d0 5b 41 5c
0x00007f4ebe4bc92e:   41 5d 41 5e 41 5f 5d c3 66 2e 0f 1f 84 00 00 00
0x00007f4ebe4bc93e:   00 00 41 89 c5 49 8b 47 38 48 8b 78 08 48 8b 07
0x00007f4ebe4bc94e:   ff 50 08 41 8d 5c 05 00 41 39 dc 0f 82 99 00 00
0x00007f4ebe4bc95e:   00 41 be 01 00 00 00 eb 0b 66 0f 1f 84 00 00 00
0x00007f4ebe4bc96e:   00 00 89 c3 49 8b 57 38 41 8d 46 01 49 89 c6 4c
0x00007f4ebe4bc97e:   8d 2c c5 00 00 00 00 48 8b 3c c2 48 8b 07 ff 50
0x00007f4ebe4bc98e:   08 01 d8 44 39 e0 76 da 49 8b 07 48 8d 15 20 b1
0x00007f4ebe4bc99e:   90 ff 48 8b 80 e0 00 00 00 48 39 d0 75 64 49 8b
0x00007f4ebe4bc9ae:   47 38 48 8d 15 f9 fb ff ff 4a 8b 3c 28 48 8b 07
0x00007f4ebe4bc9be:   48 8b 40 10 48 39 d0 0f 85 85 00 00 00 48 8d 05
0x00007f4ebe4bc9ce:   b6 a0 69 00 be 4d 00 00 00 48 8d 3d 8a 87 40 00
0x00007f4ebe4bc9de:   48 8b 00 c6 00 58 e8 37 c0 c0 ff e8 b2 eb 12 00
0x00007f4ebe4bc9ee:   31 d2 e9 2f ff ff ff 0f 1f 00 44 89 eb 41 be 01
0x00007f4ebe4bc9fe:   00 00 00 41 bd 08 00 00 00 eb 8d 0f 1f 80 00 00
0x00007f4ebe4bca0e:   00 00 4c 89 ff ff d0 48 89 c2 48 85 c0 74 8f 49
0x00007f4ebe4bca1e:   8b 07 48 8d 35 39 b0 90 ff 48 8b 88 b0 00 00 00
0x00007f4ebe4bca2e:   b8 ff ff ff ff 48 39 f1 75 30 44 39 f0 0f 85 6b
0x00007f4ebe4bca3e:   ff ff ff e9 de fe ff ff 66 2e 0f 1f 84 00 00 00 


Stack slot to memory mapping:
stack at sp + 0 slots: 0x00007f4e2d2ee8d0 points into unknown readable memory: 00 00 00 00 00 00 00 00
stack at sp + 1 slots: 0x0000000000000008 is an unknown value
stack at sp + 2 slots: 0x00007f4e4adf55f0 is pointing into the stack for thread: 0x00007f4e7c425000
stack at sp + 3 slots: 0x00007f4e2c1ebe00 points into unknown readable memory: 70 9d ae be 4e 7f 00 00
stack at sp + 4 slots: 0x00007f4e4adf5a50 is pointing into the stack for thread: 0x00007f4e7c425000
stack at sp + 5 slots: 0x0000000000000001 is an unknown value
stack at sp + 6 slots: 0x000000000000040b is an unknown value
stack at sp + 7 slots: 0x00007f4e2d2eebf0 points into unknown readable memory: 00 00 00 00 00 00 00 00


---------------  P R O C E S S  ---------------

Threads class SMR info:
_java_thread_list=0x00007f4e200073e0, length=31, elements={
0x00007f4eb8017000, 0x00007f4eb815d800, 0x00007f4eb8167800, 0x00007f4eb8172000,
0x00007f4eb8174000, 0x00007f4eb8176000, 0x00007f4eb8178000, 0x00007f4eb81a1800,
0x00007f4eb8282000, 0x00007f4eb8334800, 0x00007f4eb83ff000, 0x00007f4eb8434800,
0x00007f4eb844c800, 0x00007f4e54033800, 0x00007f4e541eb800, 0x00007f4e542af800,
0x00007f4e38001800, 0x00007f4e3c001000, 0x00007f4e54457000, 0x00007f4e54752000,
0x00007f4eb846f000, 0x00007f4eb8515000, 0x00007f4e7c425000, 0x00007f4e3c002800,
0x00007f4e20001000, 0x00007f4e20011000, 0x00007f4e3817a000, 0x00007f4e702c3000,
0x00007f4e2801a000, 0x00007f4e70046000, 0x00007f4e70047000
}

Java Threads: ( => current thread )
  0x00007f4eb8017000 JavaThread "main" [_thread_blocked, id=10299, stack(0x00007f4ebd67f000,0x00007f4ebd780000)]
  0x00007f4eb815d800 JavaThread "Reference Handler" daemon [_thread_blocked, id=10305, stack(0x00007f4e99afa000,0x00007f4e99bfb000)]
  0x00007f4eb8167800 JavaThread "Finalizer" daemon [_thread_blocked, id=10307, stack(0x00007f4e999f9000,0x00007f4e99afa000)]
  0x00007f4eb8172000 JavaThread "Signal Dispatcher" daemon [_thread_blocked, id=10308, stack(0x00007f4e99612000,0x00007f4e99713000)]
  0x00007f4eb8174000 JavaThread "C2 CompilerThread0" daemon [_thread_in_native, id=10309, stack(0x00007f4e99511000,0x00007f4e99612000)]
  0x00007f4eb8176000 JavaThread "C1 CompilerThread0" daemon [_thread_blocked, id=10311, stack(0x00007f4e99410000,0x00007f4e99511000)]
  0x00007f4eb8178000 JavaThread "Sweeper thread" daemon [_thread_blocked, id=10313, stack(0x00007f4e9930f000,0x00007f4e99410000)]
  0x00007f4eb81a1800 JavaThread "Common-Cleaner" daemon [_thread_blocked, id=10317, stack(0x00007f4e9920e000,0x00007f4e9930f000)]
  0x00007f4eb8282000 JavaThread "Service Thread" daemon [_thread_blocked, id=10320, stack(0x00007f4e9910d000,0x00007f4e9920e000)]
  0x00007f4eb8334800 JavaThread "process reaper" daemon [_thread_blocked, id=10327, stack(0x00007f4ebc06a000,0x00007f4ebc08c000)]
  0x00007f4eb83ff000 JavaThread "Active Thread: Equinox Container: 0543cd84-b4cf-45cc-af4b-b8fbdc9e751a" [_thread_blocked, id=10334, stack(0x00007f4e98d07000,0x00007f4e98e08000)]
  0x00007f4eb8434800 JavaThread "Framework Event Dispatcher: Equinox Container: 0543cd84-b4cf-45cc-af4b-b8fbdc9e751a" daemon [_thread_blocked, id=10338, stack(0x00007f4e98c06000,0x00007f4e98d07000)]
  0x00007f4eb844c800 JavaThread "Start Level: Equinox Container: 0543cd84-b4cf-45cc-af4b-b8fbdc9e751a" daemon [_thread_blocked, id=10339, stack(0x00007f4e98b05000,0x00007f4e98c06000)]
  0x00007f4e54033800 JavaThread "SCR Component Actor" daemon [_thread_blocked, id=10345, stack(0x00007f4e985ef000,0x00007f4e986f0000)]
  0x00007f4e541eb800 JavaThread "Worker-JM" [_thread_blocked, id=10350, stack(0x00007f4e4beff000,0x00007f4e4c000000)]
  0x00007f4e542af800 JavaThread "Worker-0: Publish Diagnostics" [_thread_blocked, id=10354, stack(0x00007f4e4bbfe000,0x00007f4e4bcff000)]
  0x00007f4e38001800 JavaThread "Worker-1" [_thread_blocked, id=10366, stack(0x00007f4e4bafd000,0x00007f4e4bbfe000)]
  0x00007f4e3c001000 JavaThread "Worker-2" [_thread_blocked, id=10367, stack(0x00007f4e980ee000,0x00007f4e981ef000)]
  0x00007f4e54457000 JavaThread "Java indexing" daemon [_thread_blocked, id=10369, stack(0x00007f4e4b4fb000,0x00007f4e4b5fc000)]
  0x00007f4e54752000 JavaThread "logback configurator timer" daemon [_thread_blocked, id=10374, stack(0x00007f4e4b5fc000,0x00007f4e4b6fd000)]
  0x00007f4eb846f000 JavaThread "pool-3-thread-1" [_thread_blocked, id=10375, stack(0x00007f4e4affa000,0x00007f4e4b0fb000)]
  0x00007f4eb8515000 JavaThread "pool-2-thread-1" [_thread_blocked, id=10377, stack(0x00007f4e98f0a000,0x00007f4e9900b000)]
=>0x00007f4e7c425000 JavaThread "C2 CompilerThread1" daemon [_thread_in_native, id=10378, stack(0x00007f4e4acf9000,0x00007f4e4adfa000)]
  0x00007f4e3c002800 JavaThread "Worker-3: Register Watchers" [_thread_blocked, id=10381, stack(0x00007f4e4a9f8000,0x00007f4e4aaf9000)]
  0x00007f4e20001000 JavaThread "Worker-4: Initialize workspace" [_thread_blocked, id=10382, stack(0x00007f4e4a7c6000,0x00007f4e4a8c7000)]
  0x00007f4e20011000 JavaThread "Worker-5" [_thread_blocked, id=10383, stack(0x00007f4e4a8f7000,0x00007f4e4a9f8000)]
  0x00007f4e3817a000 JavaThread "Bundle File Closer" daemon [_thread_blocked, id=10389, stack(0x00007f4e499c4000,0x00007f4e49ac5000)]
  0x00007f4e702c3000 JavaThread "ForkJoinPool.commonPool-worker-3" daemon [_thread_blocked, id=10402, stack(0x00007f4e490c3000,0x00007f4e491c4000)]
  0x00007f4e2801a000 JavaThread "Thread-3" daemon [_thread_in_Java, id=10403, stack(0x00007f4e48fc2000,0x00007f4e490c3000)]
  0x00007f4e70046000 JavaThread "ForkJoinPool.commonPool-worker-5" daemon [_thread_blocked, id=10404, stack(0x00007f4e48ec1000,0x00007f4e48fc2000)]
  0x00007f4e70047000 JavaThread "ForkJoinPool.commonPool-worker-7" daemon [_thread_blocked, id=10405, stack(0x00007f4e48dc0000,0x00007f4e48ec1000)]

Other Threads:
  0x00007f4eb815a800 VMThread "VM Thread" [stack: 0x00007f4e99bfd000,0x00007f4e99cfd000] [id=10302]
  0x00007f4eb8284000 WatcherThread [stack: 0x00007f4e9900d000,0x00007f4e9910d000] [id=10322]
  0x00007f4eb802e800 GCTaskThread "ParGC Thread#0" [stack: 0x00007f4ebcfdb000,0x00007f4ebd0db000] [id=10301]
  0x00007f4e94001000 GCTaskThread "ParGC Thread#1" [stack: 0x00007f4e98e0a000,0x00007f4e98f0a000] [id=10328]
  0x00007f4e94003000 GCTaskThread "ParGC Thread#2" [stack: 0x00007f4e987f4000,0x00007f4e988f4000] [id=10343]
  0x00007f4e94004800 GCTaskThread "ParGC Thread#3" [stack: 0x00007f4e986f2000,0x00007f4e987f2000] [id=10344]

Threads with active compile tasks:
C2 CompilerThread0  20177 5239 %     4       org.objectweb.asm.ClassReader::readCode @ 1611 (5089 bytes)
C2 CompilerThread1  20178 5167       4       org.objectweb.asm.ClassReader::readMethod (1052 bytes)

VM state:not at safepoint (normal execution)

VM Mutex/Monitor currently owned by a thread:  ([mutex/lock_event])
[0x00007f4eb8012af0] CodeCache_lock - owner thread: 0x0000000000000000

Heap address: 0x00000000c0000000, size: 1024 MB, Compressed Oops mode: 32-bit
Narrow klass base: 0x0000000800000000, Narrow klass shift: 3
Compressed class space size: 1073741824 Address: 0x0000000840000000

Heap:
 PSYoungGen      total 17408K, used 7894K [0x00000000eab00000, 0x00000000ebf00000, 0x0000000100000000)
  eden space 16896K, 46% used [0x00000000eab00000,0x00000000eb2a58b0,0x00000000ebb80000)
  from space 512K, 12% used [0x00000000ebe80000,0x00000000ebe90000,0x00000000ebf00000)
  to   space 1024K, 0% used [0x00000000ebd00000,0x00000000ebd00000,0x00000000ebe00000)
 ParOldGen       total 68608K, used 45747K [0x00000000c0000000, 0x00000000c4300000, 0x00000000eab00000)
  object space 68608K, 66% used [0x00000000c0000000,0x00000000c2cacef8,0x00000000c4300000)
 Metaspace       used 48955K, capacity 51826K, committed 52352K, reserved 1095680K
  class space    used 5201K, capacity 6272K, committed 6272K, reserved 1048576K

Card table byte_map: [0x00007f4ebd231000,0x00007f4ebd432000] _byte_map_base: 0x00007f4ebcc31000

Marking Bits: (ParMarkBitMap*) 0x00007f4ebebb9de0
 Begin Bits: [0x00007f4e9a000000, 0x00007f4e9b000000)
 End Bits:   [0x00007f4e9b000000, 0x00007f4e9c000000)

Polling page: 0x00007f4ebedff000

Metaspace:

Usage:
  Non-class:     44,49 MB capacity,    42,73 MB ( 96%) used,     1,66 MB (  4%) free+waste,    98,94 KB ( <1%) overhead. 
      Class:      6,12 MB capacity,     5,08 MB ( 83%) used,  1021,91 KB ( 16%) free+waste,    48,12 KB ( <1%) overhead. 
       Both:     50,61 MB capacity,    47,81 MB ( 94%) used,     2,66 MB (  5%) free+waste,   147,06 KB ( <1%) overhead. 

Virtual space:
  Non-class space:       46,00 MB reserved,      45,00 MB ( 98%) committed 
      Class space:        1,00 GB reserved,       6,12 MB ( <1%) committed 
             Both:        1,04 GB reserved,      51,12 MB (  5%) committed 

Chunk freelists:
   Non-Class:  318,00 KB
       Class:  0 bytes
        Both:  318,00 KB

MaxMetaspaceSize: unlimited
CompressedClassSpaceSize: 1,00 GB

CodeHeap 'non-profiled nmethods': size=120032Kb used=2047Kb max_used=2047Kb free=117984Kb
 bounds [0x00007f4ea8361000, 0x00007f4ea85d1000, 0x00007f4eaf899000]
CodeHeap 'profiled nmethods': size=120032Kb used=10630Kb max_used=10630Kb free=109401Kb
 bounds [0x00007f4ea0e29000, 0x00007f4ea1899000, 0x00007f4ea8361000]
CodeHeap 'non-nmethods': size=5696Kb used=1257Kb max_used=1283Kb free=4439Kb
 bounds [0x00007f4ea0899000, 0x00007f4ea0b09000, 0x00007f4ea0e29000]
 total_blobs=5414 nmethods=4761 adapters=567
 compilation: enabled
              stopped_count=0, restarted_count=0
 full_count=0

Compilation events (20 events):
Event: 19,763 Thread 0x00007f4eb8176000 5314       2       org.eclipse.jdt.internal.compiler.parser.Scanner::scanIdentifierOrKeywordWithBoundCheck (196 bytes)
Event: 19,764 Thread 0x00007f4eb8176000 nmethod 5314 0x00007f4ea109ed90 code [0x00007f4ea109ef80, 0x00007f4ea109f3b0]
Event: 19,902 Thread 0x00007f4eb8176000 5317       1       org.eclipse.jdt.internal.core.JavaProject::getProject (5 bytes)
Event: 19,902 Thread 0x00007f4eb8176000 nmethod 5317 0x00007f4ea8560b90 code [0x00007f4ea8560d40, 0x00007f4ea8560e10]
Event: 20,014 Thread 0x00007f4eb8176000 5318   !   2       java.util.zip.InflaterInputStream::read (138 bytes)
Event: 20,015 Thread 0x00007f4eb8176000 nmethod 5318 0x00007f4ea1882e10 code [0x00007f4ea1883080, 0x00007f4ea1883a90]
Event: 20,019 Thread 0x00007f4eb8176000 5319       2       java.io.FilterInputStream::read (9 bytes)
Event: 20,019 Thread 0x00007f4eb8176000 nmethod 5319 0x00007f4ea0ef7490 code [0x00007f4ea0ef7640, 0x00007f4ea0ef7780]
Event: 20,020 Thread 0x00007f4eb8176000 5320       2       java.util.zip.CRC32::update (51 bytes)
Event: 20,020 Thread 0x00007f4eb8176000 nmethod 5320 0x00007f4ea1883f90 code [0x00007f4ea1884180, 0x00007f4ea18844a0]
Event: 20,021 Thread 0x00007f4eb8176000 5321       2       java.util.zip.GZIPInputStream::read (65 bytes)
Event: 20,022 Thread 0x00007f4eb8176000 nmethod 5321 0x00007f4ea1884610 code [0x00007f4ea1884800, 0x00007f4ea1884b00]
Event: 20,022 Thread 0x00007f4eb8176000 5322       2       java.util.zip.CRC32::updateBytesCheck (55 bytes)
Event: 20,023 Thread 0x00007f4eb8176000 nmethod 5322 0x00007f4ea1884c90 code [0x00007f4ea1884e80, 0x00007f4ea18851e0]
Event: 20,060 Thread 0x00007f4eb8176000 5323       2       java.util.zip.InflaterInputStream::fill (60 bytes)
Event: 20,060 Thread 0x00007f4eb8176000 nmethod 5323 0x00007f4ea1885390 code [0x00007f4ea1885580, 0x00007f4ea18858b0]
Event: 20,072 Thread 0x00007f4eb8176000 5324 %     3       org.eclipse.jdt.internal.core.JarPackageFragmentRoot::initRawPackageInfo @ 73 (349 bytes)
Event: 20,095 Thread 0x00007f4eb8176000 nmethod 5324% 0x00007f4ea1885a90 code [0x00007f4ea18860a0, 0x00007f4ea188a280]
Event: 20,096 Thread 0x00007f4eb8176000 5327       3       org.eclipse.jdt.internal.core.JarPackageFragmentRoot::initRawPackageInfo (349 bytes)
Event: 20,118 Thread 0x00007f4eb8176000 nmethod 5327 0x00007f4ea188ba10 code [0x00007f4ea188c020, 0x00007f4ea188ffc0]

GC Heap History (20 events):
Event: 15,358 GC heap before
{Heap before GC invocations=22 (full 2):
 PSYoungGen      total 24064K, used 24000K [0x00000000eab00000, 0x00000000ec580000, 0x0000000100000000)
  eden space 22016K, 100% used [0x00000000eab00000,0x00000000ec080000,0x00000000ec080000)
  from space 2048K, 96% used [0x00000000ec180000,0x00000000ec370000,0x00000000ec380000)
  to   space 2048K, 0% used [0x00000000ec380000,0x00000000ec380000,0x00000000ec580000)
 ParOldGen       total 68608K, used 27681K [0x00000000c0000000, 0x00000000c4300000, 0x00000000eab00000)
  object space 68608K, 40% used [0x00000000c0000000,0x00000000c1b08500,0x00000000c4300000)
 Metaspace       used 39119K, capacity 41526K, committed 41984K, reserved 1085440K
  class space    used 4271K, capacity 5107K, committed 5120K, reserved 1048576K
}
Event: 15,371 GC heap after
{Heap after GC invocations=22 (full 2):
 PSYoungGen      total 24064K, used 1760K [0x00000000eab00000, 0x00000000ec580000, 0x0000000100000000)
  eden space 22016K, 0% used [0x00000000eab00000,0x00000000eab00000,0x00000000ec080000)
  from space 2048K, 85% used [0x00000000ec380000,0x00000000ec538000,0x00000000ec580000)
  to   space 2048K, 0% used [0x00000000ec180000,0x00000000ec180000,0x00000000ec380000)
 ParOldGen       total 68608K, used 29593K [0x00000000c0000000, 0x00000000c4300000, 0x00000000eab00000)
  object space 68608K, 43% used [0x00000000c0000000,0x00000000c1ce6500,0x00000000c4300000)
 Metaspace       used 39119K, capacity 41526K, committed 41984K, reserved 1085440K
  class space    used 4271K, capacity 5107K, committed 5120K, reserved 1048576K
}
Event: 16,298 GC heap before
{Heap before GC invocations=23 (full 2):
 PSYoungGen      total 24064K, used 23776K [0x00000000eab00000, 0x00000000ec580000, 0x0000000100000000)
  eden space 22016K, 100% used [0x00000000eab00000,0x00000000ec080000,0x00000000ec080000)
  from space 2048K, 85% used [0x00000000ec380000,0x00000000ec538000,0x00000000ec580000)
  to   space 2048K, 0% used [0x00000000ec180000,0x00000000ec180000,0x00000000ec380000)
 ParOldGen       total 68608K, used 29593K [0x00000000c0000000, 0x00000000c4300000, 0x00000000eab00000)
  object space 68608K, 43% used [0x00000000c0000000,0x00000000c1ce6500,0x00000000c4300000)
 Metaspace       used 40398K, capacity 42897K, committed 43264K, reserved 1087488K
  class space    used 4410K, capacity 5265K, committed 5376K, reserved 1048576K
}
Event: 16,315 GC heap after
{Heap after GC invocations=23 (full 2):
 PSYoungGen      total 24064K, used 1889K [0x00000000eab00000, 0x00000000ec480000, 0x0000000100000000)
  eden space 22016K, 0% used [0x00000000eab00000,0x00000000eab00000,0x00000000ec080000)
  from space 2048K, 92% used [0x00000000ec180000,0x00000000ec358568,0x00000000ec380000)
  to   space 1024K, 0% used [0x00000000ec380000,0x00000000ec380000,0x00000000ec480000)
 ParOldGen       total 68608K, used 31286K [0x00000000c0000000, 0x00000000c4300000, 0x00000000eab00000)
  object space 68608K, 45% used [0x00000000c0000000,0x00000000c1e8d858,0x00000000c4300000)
 Metaspace       used 40398K, capacity 42897K, committed 43264K, reserved 1087488K
  class space    used 4410K, capacity 5265K, committed 5376K, reserved 1048576K
}
Event: 17,171 GC heap before
{Heap before GC invocations=24 (full 2):
 PSYoungGen      total 24064K, used 23905K [0x00000000eab00000, 0x00000000ec480000, 0x0000000100000000)
  eden space 22016K, 100% used [0x00000000eab00000,0x00000000ec080000,0x00000000ec080000)
  from space 2048K, 92% used [0x00000000ec180000,0x00000000ec358568,0x00000000ec380000)
  to   space 1024K, 0% used [0x00000000ec380000,0x00000000ec380000,0x00000000ec480000)
 ParOldGen       total 68608K, used 31286K [0x00000000c0000000, 0x00000000c4300000, 0x00000000eab00000)
  object space 68608K, 45% used [0x00000000c0000000,0x00000000c1e8d858,0x00000000c4300000)
 Metaspace       used 41493K, capacity 44073K, committed 44416K, reserved 1087488K
  class space    used 4518K, capacity 5464K, committed 5504K, reserved 1048576K
}
Event: 17,188 GC heap after
{Heap after GC invocations=24 (full 2):
 PSYoungGen      total 22528K, used 1017K [0x00000000eab00000, 0x00000000ec780000, 0x0000000100000000)
  eden space 21504K, 0% used [0x00000000eab00000,0x00000000eab00000,0x00000000ec000000)
  from space 1024K, 99% used [0x00000000ec380000,0x00000000ec47e470,0x00000000ec480000)
  to   space 3584K, 0% used [0x00000000ec000000,0x00000000ec000000,0x00000000ec380000)
 ParOldGen       total 68608K, used 33346K [0x00000000c0000000, 0x00000000c4300000, 0x00000000eab00000)
  object space 68608K, 48% used [0x00000000c0000000,0x00000000c2090828,0x00000000c4300000)
 Metaspace       used 41493K, capacity 44073K, committed 44416K, reserved 1087488K
  class space    used 4518K, capacity 5464K, committed 5504K, reserved 1048576K
}
Event: 17,478 GC heap before
{Heap before GC invocations=25 (full 2):
 PSYoungGen      total 22528K, used 22521K [0x00000000eab00000, 0x00000000ec780000, 0x0000000100000000)
  eden space 21504K, 100% used [0x00000000eab00000,0x00000000ec000000,0x00000000ec000000)
  from space 1024K, 99% used [0x00000000ec380000,0x00000000ec47e470,0x00000000ec480000)
  to   space 3584K, 0% used [0x00000000ec000000,0x00000000ec000000,0x00000000ec380000)
 ParOldGen       total 68608K, used 33346K [0x00000000c0000000, 0x00000000c4300000, 0x00000000eab00000)
  object space 68608K, 48% used [0x00000000c0000000,0x00000000c2090828,0x00000000c4300000)
 Metaspace       used 41597K, capacity 44202K, committed 44416K, reserved 1087488K
  class space    used 4525K, capacity 5464K, committed 5504K, reserved 1048576K
}
Event: 17,493 GC heap after
{Heap after GC invocations=25 (full 2):
 PSYoungGen      total 22528K, used 928K [0x00000000eab00000, 0x00000000ec400000, 0x0000000100000000)
  eden space 21504K, 0% used [0x00000000eab00000,0x00000000eab00000,0x00000000ec000000)
  from space 1024K, 90% used [0x00000000ec000000,0x00000000ec0e8000,0x00000000ec100000)
  to   space 2048K, 0% used [0x00000000ec200000,0x00000000ec200000,0x00000000ec400000)
 ParOldGen       total 68608K, used 34355K [0x00000000c0000000, 0x00000000c4300000, 0x00000000eab00000)
  object space 68608K, 50% used [0x00000000c0000000,0x00000000c218ccb8,0x00000000c4300000)
 Metaspace       used 41597K, capacity 44202K, committed 44416K, reserved 1087488K
  class space    used 4525K, capacity 5464K, committed 5504K, reserved 1048576K
}
Event: 17,909 GC heap before
{Heap before GC invocations=26 (full 2):
 PSYoungGen      total 22528K, used 22432K [0x00000000eab00000, 0x00000000ec400000, 0x0000000100000000)
  eden space 21504K, 100% used [0x00000000eab00000,0x00000000ec000000,0x00000000ec000000)
  from space 1024K, 90% used [0x00000000ec000000,0x00000000ec0e8000,0x00000000ec100000)
  to   space 2048K, 0% used [0x00000000ec200000,0x00000000ec200000,0x00000000ec400000)
 ParOldGen       total 68608K, used 34355K [0x00000000c0000000, 0x00000000c4300000, 0x00000000eab00000)
  object space 68608K, 50% used [0x00000000c0000000,0x00000000c218ccb8,0x00000000c4300000)
 Metaspace       used 42591K, capacity 45209K, committed 45440K, reserved 1089536K
  class space    used 4569K, capacity 5501K, committed 5504K, reserved 1048576K
}
Event: 17,914 GC heap after
{Heap after GC invocations=26 (full 2):
 PSYoungGen      total 23040K, used 1899K [0x00000000eab00000, 0x00000000ec500000, 0x0000000100000000)
  eden space 20992K, 0% used [0x00000000eab00000,0x00000000eab00000,0x00000000ebf80000)
  from space 2048K, 92% used [0x00000000ec200000,0x00000000ec3daca8,0x00000000ec400000)
  to   space 2560K, 0% used [0x00000000ebf80000,0x00000000ebf80000,0x00000000ec200000)
 ParOldGen       total 68608K, used 35147K [0x00000000c0000000, 0x00000000c4300000, 0x00000000eab00000)
  object space 68608K, 51% used [0x00000000c0000000,0x00000000c2252cb8,0x00000000c4300000)
 Metaspace       used 42591K, capacity 45209K, committed 45440K, reserved 1089536K
  class space    used 4569K, capacity 5501K, committed 5504K, reserved 1048576K
}
Event: 18,518 GC heap before
{Heap before GC invocations=27 (full 2):
 PSYoungGen      total 23040K, used 22885K [0x00000000eab00000, 0x00000000ec500000, 0x0000000100000000)
  eden space 20992K, 99% used [0x00000000eab00000,0x00000000ebf7eb00,0x00000000ebf80000)
  from space 2048K, 92% used [0x00000000ec200000,0x00000000ec3daca8,0x00000000ec400000)
  to   space 2560K, 0% used [0x00000000ebf80000,0x00000000ebf80000,0x00000000ec200000)
 ParOldGen       total 68608K, used 35147K [0x00000000c0000000, 0x00000000c4300000, 0x00000000eab00000)
  object space 68608K, 51% used [0x00000000c0000000,0x00000000c2252cb8,0x00000000c4300000)
 Metaspace       used 44479K, capacity 47256K, committed 47616K, reserved 1091584K
  class space    used 4784K, capacity 5778K, committed 5888K, reserved 1048576K
}
Event: 18,530 GC heap after
{Heap after GC invocations=27 (full 2):
 PSYoungGen      total 22016K, used 564K [0x00000000eab00000, 0x00000000ec280000, 0x0000000100000000)
  eden space 20992K, 0% used [0x00000000eab00000,0x00000000eab00000,0x00000000ebf80000)
  from space 1024K, 55% used [0x00000000ebf80000,0x00000000ec00d320,0x00000000ec080000)
  to   space 1536K, 0% used [0x00000000ec100000,0x00000000ec100000,0x00000000ec280000)
 ParOldGen       total 68608K, used 35875K [0x00000000c0000000, 0x00000000c4300000, 0x00000000eab00000)
  object space 68608K, 52% used [0x00000000c0000000,0x00000000c2308d88,0x00000000c4300000)
 Metaspace       used 44479K, capacity 47256K, committed 47616K, reserved 1091584K
  class space    used 4784K, capacity 5778K, committed 5888K, reserved 1048576K
}
Event: 18,932 GC heap before
{Heap before GC invocations=28 (full 2):
 PSYoungGen      total 22016K, used 21556K [0x00000000eab00000, 0x00000000ec280000, 0x0000000100000000)
  eden space 20992K, 100% used [0x00000000eab00000,0x00000000ebf80000,0x00000000ebf80000)
  from space 1024K, 55% used [0x00000000ebf80000,0x00000000ec00d320,0x00000000ec080000)
  to   space 1536K, 0% used [0x00000000ec100000,0x00000000ec100000,0x00000000ec280000)
 ParOldGen       total 68608K, used 35875K [0x00000000c0000000, 0x00000000c4300000, 0x00000000eab00000)
  object space 68608K, 52% used [0x00000000c0000000,0x00000000c2308d88,0x00000000c4300000)
 Metaspace       used 46019K, capacity 48856K, committed 49280K, reserved 1093632K
  class space    used 4926K, capacity 5906K, committed 6016K, reserved 1048576K
}
Event: 18,941 GC heap after
{Heap after GC invocations=28 (full 2):
 PSYoungGen      total 22016K, used 1442K [0x00000000eab00000, 0x00000000ec380000, 0x0000000100000000)
  eden space 20480K, 0% used [0x00000000eab00000,0x00000000eab00000,0x00000000ebf00000)
  from space 1536K, 93% used [0x00000000ec100000,0x00000000ec268a00,0x00000000ec280000)
  to   space 2048K, 0% used [0x00000000ebf00000,0x00000000ebf00000,0x00000000ec100000)
 ParOldGen       total 68608K, used 36352K [0x00000000c0000000, 0x00000000c4300000, 0x00000000eab00000)
  object space 68608K, 52% used [0x00000000c0000000,0x00000000c2380120,0x00000000c4300000)
 Metaspace       used 46019K, capacity 48856K, committed 49280K, reserved 1093632K
  class space    used 4926K, capacity 5906K, committed 6016K, reserved 1048576K
}
Event: 19,253 GC heap before
{Heap before GC invocations=29 (full 2):
 PSYoungGen      total 22016K, used 21922K [0x00000000eab00000, 0x00000000ec380000, 0x0000000100000000)
  eden space 20480K, 100% used [0x00000000eab00000,0x00000000ebf00000,0x00000000ebf00000)
  from space 1536K, 93% used [0x00000000ec100000,0x00000000ec268a00,0x00000000ec280000)
  to   space 2048K, 0% used [0x00000000ebf00000,0x00000000ebf00000,0x00000000ec100000)
 ParOldGen       total 68608K, used 36352K [0x00000000c0000000, 0x00000000c4300000, 0x00000000eab00000)
  object space 68608K, 52% used [0x00000000c0000000,0x00000000c2380120,0x00000000c4300000)
 Metaspace       used 46549K, capacity 49336K, committed 49792K, reserved 1093632K
  class space    used 4966K, capacity 5938K, committed 6016K, reserved 1048576K
}
Event: 19,258 GC heap after
{Heap after GC invocations=29 (full 2):
 PSYoungGen      total 20992K, used 180K [0x00000000eab00000, 0x00000000ec180000, 0x0000000100000000)
  eden space 20480K, 0% used [0x00000000eab00000,0x00000000eab00000,0x00000000ebf00000)
  from space 512K, 35% used [0x00000000ebf00000,0x00000000ebf2d058,0x00000000ebf80000)
  to   space 1024K, 0% used [0x00000000ec080000,0x00000000ec080000,0x00000000ec180000)
 ParOldGen       total 68608K, used 36560K [0x00000000c0000000, 0x00000000c4300000, 0x00000000eab00000)
  object space 68608K, 53% used [0x00000000c0000000,0x00000000c23b4120,0x00000000c4300000)
 Metaspace       used 46549K, capacity 49336K, committed 49792K, reserved 1093632K
  class space    used 4966K, capacity 5938K, committed 6016K, reserved 1048576K
}
Event: 19,807 GC heap before
{Heap before GC invocations=30 (full 2):
 PSYoungGen      total 20992K, used 20660K [0x00000000eab00000, 0x00000000ec180000, 0x0000000100000000)
  eden space 20480K, 100% used [0x00000000eab00000,0x00000000ebf00000,0x00000000ebf00000)
  from space 512K, 35% used [0x00000000ebf00000,0x00000000ebf2d058,0x00000000ebf80000)
  to   space 1024K, 0% used [0x00000000ec080000,0x00000000ec080000,0x00000000ec180000)
 ParOldGen       total 68608K, used 36560K [0x00000000c0000000, 0x00000000c4300000, 0x00000000eab00000)
  object space 68608K, 53% used [0x00000000c0000000,0x00000000c23b4120,0x00000000c4300000)
 Metaspace       used 48897K, capacity 51762K, committed 52096K, reserved 1095680K
  class space    used 5196K, capacity 6272K, committed 6272K, reserved 1048576K
}
Event: 19,818 GC heap after
{Heap after GC invocations=30 (full 2):
 PSYoungGen      total 17920K, used 1008K [0x00000000eab00000, 0x00000000ec900000, 0x0000000100000000)
  eden space 16896K, 0% used [0x00000000eab00000,0x00000000eab00000,0x00000000ebb80000)
  from space 1024K, 98% used [0x00000000ec080000,0x00000000ec17c168,0x00000000ec180000)
  to   space 5120K, 0% used [0x00000000ebb80000,0x00000000ebb80000,0x00000000ec080000)
 ParOldGen       total 68608K, used 39540K [0x00000000c0000000, 0x00000000c4300000, 0x00000000eab00000)
  object space 68608K, 57% used [0x00000000c0000000,0x00000000c269d040,0x00000000c4300000)
 Metaspace       used 48897K, capacity 51762K, committed 52096K, reserved 1095680K
  class space    used 5196K, capacity 6272K, committed 6272K, reserved 1048576K
}
Event: 20,039 GC heap before
{Heap before GC invocations=31 (full 2):
 PSYoungGen      total 17920K, used 16611K [0x00000000eab00000, 0x00000000ec900000, 0x0000000100000000)
  eden space 16896K, 92% used [0x00000000eab00000,0x00000000eba3ce88,0x00000000ebb80000)
  from space 1024K, 98% used [0x00000000ec080000,0x00000000ec17c168,0x00000000ec180000)
  to   space 5120K, 0% used [0x00000000ebb80000,0x00000000ebb80000,0x00000000ec080000)
 ParOldGen       total 68608K, used 39540K [0x00000000c0000000, 0x00000000c4300000, 0x00000000eab00000)
  object space 68608K, 57% used [0x00000000c0000000,0x00000000c269d040,0x00000000c4300000)
 Metaspace       used 48914K, capacity 51762K, committed 52096K, reserved 1095680K
  class space    used 5198K, capacity 6272K, committed 6272K, reserved 1048576K
}
Event: 20,059 GC heap after
{Heap after GC invocations=31 (full 2):
 PSYoungGen      total 19456K, used 2375K [0x00000000eab00000, 0x00000000ec180000, 0x0000000100000000)
  eden space 16896K, 0% used [0x00000000eab00000,0x00000000eab00000,0x00000000ebb80000)
  from space 2560K, 92% used [0x00000000ebb80000,0x00000000ebdd1d90,0x00000000ebe00000)
  to   space 3072K, 0% used [0x00000000ebe80000,0x00000000ebe80000,0x00000000ec180000)
 ParOldGen       total 68608K, used 40547K [0x00000000c0000000, 0x00000000c4300000, 0x00000000eab00000)
  object space 68608K, 59% used [0x00000000c0000000,0x00000000c2798f68,0x00000000c4300000)
 Metaspace       used 48914K, capacity 51762K, committed 52096K, reserved 1095680K
  class space    used 5198K, capacity 6272K, committed 6272K, reserved 1048576K
}

Deoptimization events (20 events):
Event: 19,699 Thread 0x00007f4e542af800 Uncommon trap: trap_request=0xffffffbe fr.pc=0x00007f4ea8518aa8 relative=0x00000000000030e8
Event: 19,699 Thread 0x00007f4e542af800 Uncommon trap: reason=profile_predicate action=maybe_recompile pc=0x00007f4ea8518aa8 method=org.eclipse.jdt.internal.core.util.HashtableOfArrayToObject.getKey([Ljava/lang/Object;I)[Ljava/lang/Object; @ 61 c2
Event: 19,699 Thread 0x00007f4e542af800 DEOPT PACKING pc=0x00007f4ea8518aa8 sp=0x00007f4e4bcfc9d0
Event: 19,699 Thread 0x00007f4e542af800 DEOPT UNPACKING pc=0x00007f4ea08bf125 sp=0x00007f4e4bcfc950 mode 2
Event: 20,013 Thread 0x00007f4e2801a000 Uncommon trap: trap_request=0xffffffde fr.pc=0x00007f4ea8546f3c relative=0x0000000000000c3c
Event: 20,013 Thread 0x00007f4e2801a000 Uncommon trap: reason=class_check action=maybe_recompile pc=0x00007f4ea8546f3c method=java.util.zip.InflaterInputStream.read([BII)I @ 100 c2
Event: 20,013 Thread 0x00007f4e2801a000 DEOPT PACKING pc=0x00007f4ea8546f3c sp=0x00007f4e490c1670
Event: 20,013 Thread 0x00007f4e2801a000 DEOPT UNPACKING pc=0x00007f4ea08bf125 sp=0x00007f4e490c16d0 mode 2
Event: 20,013 Thread 0x00007f4e2801a000 Uncommon trap: trap_request=0xffffffde fr.pc=0x00007f4ea8546f3c relative=0x0000000000000c3c
Event: 20,013 Thread 0x00007f4e2801a000 Uncommon trap: reason=class_check action=maybe_recompile pc=0x00007f4ea8546f3c method=java.util.zip.InflaterInputStream.read([BII)I @ 100 c2
Event: 20,013 Thread 0x00007f4e2801a000 DEOPT PACKING pc=0x00007f4ea8546f3c sp=0x00007f4e490c1670
Event: 20,013 Thread 0x00007f4e2801a000 DEOPT UNPACKING pc=0x00007f4ea08bf125 sp=0x00007f4e490c16d0 mode 2
Event: 20,013 Thread 0x00007f4e2801a000 Uncommon trap: trap_request=0xffffffde fr.pc=0x00007f4ea8546f3c relative=0x0000000000000c3c
Event: 20,013 Thread 0x00007f4e2801a000 Uncommon trap: reason=class_check action=maybe_recompile pc=0x00007f4ea8546f3c method=java.util.zip.InflaterInputStream.read([BII)I @ 100 c2
Event: 20,013 Thread 0x00007f4e2801a000 DEOPT PACKING pc=0x00007f4ea8546f3c sp=0x00007f4e490c1670
Event: 20,013 Thread 0x00007f4e2801a000 DEOPT UNPACKING pc=0x00007f4ea08bf125 sp=0x00007f4e490c16d0 mode 2
Event: 20,013 Thread 0x00007f4e2801a000 Uncommon trap: trap_request=0xffffffde fr.pc=0x00007f4ea8546f3c relative=0x0000000000000c3c
Event: 20,013 Thread 0x00007f4e2801a000 Uncommon trap: reason=class_check action=maybe_recompile pc=0x00007f4ea8546f3c method=java.util.zip.InflaterInputStream.read([BII)I @ 100 c2
Event: 20,013 Thread 0x00007f4e2801a000 DEOPT PACKING pc=0x00007f4ea8546f3c sp=0x00007f4e490c1670
Event: 20,013 Thread 0x00007f4e2801a000 DEOPT UNPACKING pc=0x00007f4ea08bf125 sp=0x00007f4e490c16d0 mode 2

Classes redefined (0 events):
No events

Internal exceptions (20 events):
Event: 13,354 Thread 0x00007f4e542af800 Exception <a 'java/io/FileNotFoundException'{0x00000000ebb3f720}> (0x00000000ebb3f720) thrown at [src/hotspot/share/prims/jni.cpp, line 615]
Event: 14,692 Thread 0x00007f4e3c001000 Exception <a 'java/lang/NoClassDefFoundError'{0x00000000eb70ceb0}: com/google/inject/servlet/ServletModuleTargetVisitor> (0x00000000eb70ceb0) thrown at [src/hotspot/share/classfile/systemDictionary.cpp, line 220]
Event: 14,695 Thread 0x00007f4e3c001000 Exception <a 'java/lang/NoClassDefFoundError'{0x00000000eb710fc0}: javax/annotation/Priority> (0x00000000eb710fc0) thrown at [src/hotspot/share/classfile/systemDictionary.cpp, line 220]
Event: 16,602 Thread 0x00007f4e542af800 Exception <a 'sun/nio/fs/UnixException'{0x00000000eb142e38}> (0x00000000eb142e38) thrown at [src/hotspot/share/prims/jni.cpp, line 615]
Event: 16,637 Thread 0x00007f4e3c001000 Exception <a 'java/lang/NoSuchMethodError'{0x00000000eb1de3f8}: 'java.lang.Object java.lang.invoke.DirectMethodHandle$Holder.invokeStatic(java.lang.Object, java.lang.Object, java.lang.Object, long)'> (0x00000000eb1de3f8) thrown at [src/hotspot/share/interpreter/linkResolver.cpp, line 773]
Event: 16,641 Thread 0x00007f4e3c001000 Exception <a 'java/lang/NoSuchMethodError'{0x00000000eb1e59d8}: 'java.lang.Object java.lang.invoke.DirectMethodHandle$Holder.invokeSpecial(java.lang.Object, java.lang.Object, java.lang.Object, java.lang.Object, long)'> (0x00000000eb1e59d8) thrown at [src/hotspot/share/interpreter/linkResolver.cpp, line 773]
Event: 16,641 Thread 0x00007f4e3c001000 Exception <a 'java/lang/NoSuchMethodError'{0x00000000eb1e8bd0}: 'java.lang.Object java.lang.invoke.Invokers$Holder.linkToTargetMethod(java.lang.Object, java.lang.Object, long, java.lang.Object)'> (0x00000000eb1e8bd0) thrown at [src/hotspot/share/interpreter/linkResolver.cpp, line 773]
Event: 16,696 Thread 0x00007f4e3c001000 Exception <a 'java/io/FileNotFoundException'{0x00000000eb30e188}> (0x00000000eb30e188) thrown at [src/hotspot/share/prims/jni.cpp, line 615]
Event: 16,721 Thread 0x00007f4e3c001000 Exception <a 'java/io/FileNotFoundException'{0x00000000eb372a98}> (0x00000000eb372a98) thrown at [src/hotspot/share/prims/jni.cpp, line 615]
Event: 16,721 Thread 0x00007f4e3c001000 Exception <a 'java/io/FileNotFoundException'{0x00000000eb373f50}> (0x00000000eb373f50) thrown at [src/hotspot/share/prims/jni.cpp, line 615]
Event: 16,732 Thread 0x00007f4eb8515000 Exception <a 'sun/nio/fs/UnixException'{0x00000000eb38cd90}> (0x00000000eb38cd90) thrown at [src/hotspot/share/prims/jni.cpp, line 615]
Event: 16,738 Thread 0x00007f4eb8515000 Exception <a 'sun/nio/fs/UnixException'{0x00000000eb4070c8}> (0x00000000eb4070c8) thrown at [src/hotspot/share/prims/jni.cpp, line 615]
Event: 16,745 Thread 0x00007f4e3c001000 Exception <a 'java/lang/NoSuchMethodError'{0x00000000eb4555c8}: 'java.lang.Object java.lang.invoke.DirectMethodHandle$Holder.invokeStatic(java.lang.Object, java.lang.Object, java.lang.Object, int, java.lang.Object)'> (0x00000000eb4555c8) thrown at [src/hotspot/share/interpreter/linkResolver.cpp, line 773]
Event: 16,747 Thread 0x00007f4e3c001000 Exception <a 'java/lang/NoSuchMethodError'{0x00000000eb459148}: 'java.lang.Object java.lang.invoke.DirectMethodHandle$Holder.invokeSpecial(java.lang.Object, java.lang.Object, java.lang.Object, java.lang.Object, int, java.lang.Object)'> (0x00000000eb459148) thrown at [src/hotspot/share/interpreter/linkResolver.cpp, line 773]
Event: 16,752 Thread 0x00007f4e3c001000 Exception <a 'java/lang/NoSuchMethodError'{0x00000000eb45c340}: 'java.lang.Object java.lang.invoke.Invokers$Holder.linkToTargetMethod(java.lang.Object, java.lang.Object, int, java.lang.Object, java.lang.Object)'> (0x00000000eb45c340) thrown at [src/hotspot/share/interpreter/linkResolver.cpp, line 773]
Event: 16,767 Thread 0x00007f4eb8515000 Exception <a 'java/lang/NoSuchMethodError'{0x00000000eb49d748}: 'java.lang.Object java.lang.invoke.DirectMethodHandle$Holder.invokeInterface(java.lang.Object, java.lang.Object, java.lang.Object)'> (0x00000000eb49d748) thrown at [src/hotspot/share/interpreter/linkResolver.cpp, line 773]
Event: 18,195 Thread 0x00007f4eb8515000 Exception <a 'java/io/FileNotFoundException'{0x00000000eb269530}> (0x00000000eb269530) thrown at [src/hotspot/share/prims/jni.cpp, line 615]
Event: 18,265 Thread 0x00007f4eb8515000 Exception <a 'java/lang/ArrayIndexOutOfBoundsException'{0x00000000eb5810a8}: Index 1162 out of bounds for length 1162> (0x00000000eb5810a8) thrown at [src/hotspot/share/interpreter/interpreterRuntime.cpp, line 459]
Event: 19,635 Thread 0x00007f4e70046000 Exception <a 'java/lang/ArrayIndexOutOfBoundsException'{0x00000000eb9f3cc8}: Index 1162 out of bounds for length 1162> (0x00000000eb9f3cc8) thrown at [src/hotspot/share/interpreter/interpreterRuntime.cpp, line 459]
Event: 19,635 Thread 0x00007f4e70046000 Exception <a 'java/lang/ArrayIndexOutOfBoundsException'{0x00000000eb9f3fe8}: Index 1163 out of bounds for length 1162> (0x00000000eb9f3fe8) thrown at [src/hotspot/share/interpreter/interpreterRuntime.cpp, line 459]

Events (20 events):
Event: 19,750 loading class javax/crypto/ShortBufferException done
Event: 19,750 Executing VM operation: RevokeBias
Event: 19,758 Executing VM operation: RevokeBias done
Event: 19,764 Executing VM operation: RevokeBias
Event: 19,770 Executing VM operation: RevokeBias done
Event: 19,774 Executing VM operation: RevokeBias
Event: 19,779 Executing VM operation: RevokeBias done
Event: 19,781 loading class javax/crypto/AEADBadTagException
Event: 19,781 loading class javax/crypto/AEADBadTagException done
Event: 19,781 Executing VM operation: RevokeBias
Event: 19,784 Executing VM operation: RevokeBias done
Event: 19,786 Thread 0x00007f4e3c082800 Thread exited: 0x00007f4e3c082800
Event: 19,798 Executing VM operation: ParallelGCFailedAllocation
Event: 19,821 Executing VM operation: ParallelGCFailedAllocation done
Event: 20,010 loading class java/util/zip/GZIPInputStream
Event: 20,012 loading class java/util/zip/GZIPInputStream done
Event: 20,012 loading class java/util/zip/CheckedInputStream
Event: 20,012 loading class java/util/zip/CheckedInputStream done
Event: 20,034 Executing VM operation: ParallelGCFailedAllocation
Event: 20,059 Executing VM operation: ParallelGCFailedAllocation done


Dynamic libraries:
c0000000-c4300000 rw-p 00000000 00:00 0 
c4300000-eab00000 ---p 00000000 00:00 0 
eab00000-ebf00000 rw-p 00000000 00:00 0 
ebf00000-100000000 ---p 00000000 00:00 0 
800000000-800002000 rwxp 00001000 08:01 5512452                          /usr/lib/jvm/java-11-openjdk-amd64/lib/server/classes.jsa
800002000-8010a5000 rw-p 00003000 08:01 5512452                          /usr/lib/jvm/java-11-openjdk-amd64/lib/server/classes.jsa
840000000-840620000 rw-p 00000000 00:00 0 
840620000-880000000 ---p 00000000 00:00 0 
55930bdf1000-55930bdf2000 r--p 00000000 08:01 5505781                    /usr/lib/jvm/java-11-openjdk-amd64/bin/java
55930bdf2000-55930bdf3000 r-xp 00001000 08:01 5505781                    /usr/lib/jvm/java-11-openjdk-amd64/bin/java
55930bdf3000-55930bdf4000 r--p 00002000 08:01 5505781                    /usr/lib/jvm/java-11-openjdk-amd64/bin/java
55930bdf4000-55930bdf5000 r--p 00002000 08:01 5505781                    /usr/lib/jvm/java-11-openjdk-amd64/bin/java
55930bdf5000-55930bdf6000 rw-p 00003000 08:01 5505781                    /usr/lib/jvm/java-11-openjdk-amd64/bin/java
55930c731000-55930c752000 rw-p 00000000 00:00 0                          [heap]
7f4e17899000-7f4e20000000 r--s 00000000 08:01 5508738                    /usr/lib/jvm/java-11-openjdk-amd64/lib/modules
7f4e20000000-7f4e20021000 rw-p 00000000 00:00 0 
7f4e20021000-7f4e24000000 ---p 00000000 00:00 0 
7f4e24000000-7f4e24021000 rw-p 00000000 00:00 0 
7f4e24021000-7f4e28000000 ---p 00000000 00:00 0 
7f4e28000000-7f4e28024000 rw-p 00000000 00:00 0 
7f4e28024000-7f4e2c000000 ---p 00000000 00:00 0 
7f4e2c000000-7f4e2d4d0000 rw-p 00000000 00:00 0 
7f4e2d4d0000-7f4e30000000 ---p 00000000 00:00 0 
7f4e30000000-7f4e30107000 rw-p 00000000 00:00 0 
7f4e30107000-7f4e34000000 ---p 00000000 00:00 0 
7f4e34000000-7f4e3415e000 rw-p 00000000 00:00 0 
7f4e3415e000-7f4e38000000 ---p 00000000 00:00 0 
7f4e38000000-7f4e382b2000 rw-p 00000000 00:00 0 
7f4e382b2000-7f4e3c000000 ---p 00000000 00:00 0 
7f4e3c000000-7f4e3c16c000 rw-p 00000000 00:00 0 
7f4e3c16c000-7f4e40000000 ---p 00000000 00:00 0 
7f4e40000000-7f4e40021000 rw-p 00000000 00:00 0 
7f4e40021000-7f4e44000000 ---p 00000000 00:00 0 
7f4e44000000-7f4e4448a000 rw-p 00000000 00:00 0 
7f4e4448a000-7f4e48000000 ---p 00000000 00:00 0 
7f4e48dc0000-7f4e48dc4000 ---p 00000000 00:00 0 
7f4e48dc4000-7f4e48ec1000 rw-p 00000000 00:00 0 
7f4e48ec1000-7f4e48ec5000 ---p 00000000 00:00 0 
7f4e48ec5000-7f4e48fc2000 rw-p 00000000 00:00 0 
7f4e48fc2000-7f4e48fc6000 ---p 00000000 00:00 0 
7f4e48fc6000-7f4e490c3000 rw-p 00000000 00:00 0 
7f4e490c3000-7f4e490c7000 ---p 00000000 00:00 0 
7f4e490c7000-7f4e492c4000 rw-p 00000000 00:00 0 
7f4e492c4000-7f4e493c4000 ---p 00000000 00:00 0 
7f4e493c4000-7f4e495c4000 rw-p 00000000 00:00 0 
7f4e495c4000-7f4e497c4000 rw-p 00000000 00:00 0 
7f4e497c4000-7f4e499c4000 rw-p 00000000 00:00 0 
7f4e499c4000-7f4e499c8000 ---p 00000000 00:00 0 
7f4e499c8000-7f4e49cc5000 rw-p 00000000 00:00 0 
7f4e49cc5000-7f4e49cc9000 ---p 00000000 00:00 0 
7f4e49cc9000-7f4e49fc6000 rw-p 00000000 00:00 0 
7f4e49fc6000-7f4e4a1c6000 rw-p 00000000 00:00 0 
7f4e4a1c6000-7f4e4a3c6000 rw-p 00000000 00:00 0 
7f4e4a3c6000-7f4e4a5c6000 rw-p 00000000 00:00 0 
7f4e4a5c6000-7f4e4a7c6000 rw-p 00000000 00:00 0 
7f4e4a7c6000-7f4e4a7ca000 ---p 00000000 00:00 0 
7f4e4a7ca000-7f4e4a8c7000 rw-p 00000000 00:00 0 
7f4e4a8f7000-7f4e4a8fb000 ---p 00000000 00:00 0 
7f4e4a8fb000-7f4e4a9f8000 rw-p 00000000 00:00 0 
7f4e4a9f8000-7f4e4a9fc000 ---p 00000000 00:00 0 
7f4e4a9fc000-7f4e4acf9000 rw-p 00000000 00:00 0 
7f4e4acf9000-7f4e4acfd000 ---p 00000000 00:00 0 
7f4e4acfd000-7f4e4affa000 rw-p 00000000 00:00 0 
7f4e4affa000-7f4e4affe000 ---p 00000000 00:00 0 
7f4e4affe000-7f4e4b2fb000 rw-p 00000000 00:00 0 
7f4e4b2fb000-7f4e4b4fb000 rw-p 00000000 00:00 0 
7f4e4b4fb000-7f4e4b4ff000 ---p 00000000 00:00 0 
7f4e4b4ff000-7f4e4b5fc000 rw-p 00000000 00:00 0 
7f4e4b5fc000-7f4e4b600000 ---p 00000000 00:00 0 
7f4e4b600000-7f4e4b8fd000 rw-p 00000000 00:00 0 
7f4e4b8fd000-7f4e4bafd000 rw-p 00000000 00:00 0 
7f4e4bafd000-7f4e4bb01000 ---p 00000000 00:00 0 
7f4e4bb01000-7f4e4bbfe000 rw-p 00000000 00:00 0 
7f4e4bbfe000-7f4e4bc02000 ---p 00000000 00:00 0 
7f4e4bc02000-7f4e4beff000 rw-p 00000000 00:00 0 
7f4e4beff000-7f4e4bf03000 ---p 00000000 00:00 0 
7f4e4bf03000-7f4e4c000000 rw-p 00000000 00:00 0 
7f4e4c000000-7f4e4c021000 rw-p 00000000 00:00 0 
7f4e4c021000-7f4e50000000 ---p 00000000 00:00 0 
7f4e50000000-7f4e50021000 rw-p 00000000 00:00 0 
7f4e50021000-7f4e54000000 ---p 00000000 00:00 0 
7f4e54000000-7f4e547ac000 rw-p 00000000 00:00 0 
7f4e547ac000-7f4e58000000 ---p 00000000 00:00 0 
7f4e58000000-7f4e58021000 rw-p 00000000 00:00 0 
7f4e58021000-7f4e5c000000 ---p 00000000 00:00 0 
7f4e5c000000-7f4e5c021000 rw-p 00000000 00:00 0 
7f4e5c021000-7f4e60000000 ---p 00000000 00:00 0 
7f4e60000000-7f4e60021000 rw-p 00000000 00:00 0 
7f4e60021000-7f4e64000000 ---p 00000000 00:00 0 
7f4e64000000-7f4e64021000 rw-p 00000000 00:00 0 
7f4e64021000-7f4e68000000 ---p 00000000 00:00 0 
7f4e68000000-7f4e68021000 rw-p 00000000 00:00 0 
7f4e68021000-7f4e6c000000 ---p 00000000 00:00 0 
7f4e6c000000-7f4e6c021000 rw-p 00000000 00:00 0 
7f4e6c021000-7f4e70000000 ---p 00000000 00:00 0 
7f4e70000000-7f4e70890000 rw-p 00000000 00:00 0 
7f4e70890000-7f4e74000000 ---p 00000000 00:00 0 
7f4e74000000-7f4e74021000 rw-p 00000000 00:00 0 
7f4e74021000-7f4e78000000 ---p 00000000 00:00 0 
7f4e78000000-7f4e78021000 rw-p 00000000 00:00 0 
7f4e78021000-7f4e7c000000 ---p 00000000 00:00 0 
7f4e7c000000-7f4e7d235000 rw-p 00000000 00:00 0 
7f4e7d235000-7f4e80000000 ---p 00000000 00:00 0 
7f4e80000000-7f4e80021000 rw-p 00000000 00:00 0 
7f4e80021000-7f4e84000000 ---p 00000000 00:00 0 
7f4e84000000-7f4e84021000 rw-p 00000000 00:00 0 
7f4e84021000-7f4e88000000 ---p 00000000 00:00 0 
7f4e88000000-7f4e898c3000 rw-p 00000000 00:00 0 
7f4e898c3000-7f4e8c000000 ---p 00000000 00:00 0 
7f4e8c000000-7f4e8c021000 rw-p 00000000 00:00 0 
7f4e8c021000-7f4e90000000 ---p 00000000 00:00 0 
7f4e90000000-7f4e90021000 rw-p 00000000 00:00 0 
7f4e90021000-7f4e94000000 ---p 00000000 00:00 0 
7f4e94000000-7f4e9410f000 rw-p 00000000 00:00 0 
7f4e9410f000-7f4e98000000 ---p 00000000 00:00 0 
7f4e980ee000-7f4e980f2000 ---p 00000000 00:00 0 
7f4e980f2000-7f4e983ef000 rw-p 00000000 00:00 0 
7f4e983ef000-7f4e985ef000 rw-p 00000000 00:00 0 
7f4e985ef000-7f4e985f3000 ---p 00000000 00:00 0 
7f4e985f3000-7f4e986f0000 rw-p 00000000 00:00 0 
7f4e986f0000-7f4e986f1000 ---p 00000000 00:00 0 
7f4e986f1000-7f4e987f2000 rw-p 00000000 00:00 0 
7f4e987f2000-7f4e987f3000 ---p 00000000 00:00 0 
7f4e987f3000-7f4e988f4000 rw-p 00000000 00:00 0 
7f4e988f4000-7f4e98904000 r-xp 00000000 08:01 667959                     /home/rodrigo/.config/Code/User/globalStorage/redhat.java/0.72.0/config_linux/org.eclipse.equinox.launcher/org.eclipse.equinox.launcher.gtk.linux.x86_64_1.2.0.v20200915-1442/eclipse_11201.so
7f4e98904000-7f4e98b03000 ---p 00010000 08:01 667959                     /home/rodrigo/.config/Code/User/globalStorage/redhat.java/0.72.0/config_linux/org.eclipse.equinox.launcher/org.eclipse.equinox.launcher.gtk.linux.x86_64_1.2.0.v20200915-1442/eclipse_11201.so
7f4e98b03000-7f4e98b04000 r--p 0000f000 08:01 667959                     /home/rodrigo/.config/Code/User/globalStorage/redhat.java/0.72.0/config_linux/org.eclipse.equinox.launcher/org.eclipse.equinox.launcher.gtk.linux.x86_64_1.2.0.v20200915-1442/eclipse_11201.so
7f4e98b04000-7f4e98b05000 rw-p 00010000 08:01 667959                     /home/rodrigo/.config/Code/User/globalStorage/redhat.java/0.72.0/config_linux/org.eclipse.equinox.launcher/org.eclipse.equinox.launcher.gtk.linux.x86_64_1.2.0.v20200915-1442/eclipse_11201.so
7f4e98b05000-7f4e98b09000 ---p 00000000 00:00 0 
7f4e98b09000-7f4e98c06000 rw-p 00000000 00:00 0 
7f4e98c06000-7f4e98c0a000 ---p 00000000 00:00 0 
7f4e98c0a000-7f4e98d07000 rw-p 00000000 00:00 0 
7f4e98d07000-7f4e98d0b000 ---p 00000000 00:00 0 
7f4e98d0b000-7f4e98e08000 rw-p 00000000 00:00 0 
7f4e98e08000-7f4e98e09000 ---p 00000000 00:00 0 
7f4e98e09000-7f4e98f0a000 rw-p 00000000 00:00 0 
7f4e98f0a000-7f4e98f0e000 ---p 00000000 00:00 0 
7f4e98f0e000-7f4e9900b000 rw-p 00000000 00:00 0 
7f4e9900b000-7f4e9900c000 ---p 00000000 00:00 0 
7f4e9900c000-7f4e9910d000 rw-p 00000000 00:00 0 
7f4e9910d000-7f4e99111000 ---p 00000000 00:00 0 
7f4e99111000-7f4e9920e000 rw-p 00000000 00:00 0 
7f4e9920e000-7f4e99212000 ---p 00000000 00:00 0 
7f4e99212000-7f4e9930f000 rw-p 00000000 00:00 0 
7f4e9930f000-7f4e99313000 ---p 00000000 00:00 0 
7f4e99313000-7f4e99410000 rw-p 00000000 00:00 0 
7f4e99410000-7f4e99414000 ---p 00000000 00:00 0 
7f4e99414000-7f4e99511000 rw-p 00000000 00:00 0 
7f4e99511000-7f4e99515000 ---p 00000000 00:00 0 
7f4e99515000-7f4e99612000 rw-p 00000000 00:00 0 
7f4e99612000-7f4e99616000 ---p 00000000 00:00 0 
7f4e99616000-7f4e99713000 rw-p 00000000 00:00 0 
7f4e99713000-7f4e999f9000 r--p 00000000 08:01 5506859                    /usr/lib/locale/locale-archive
7f4e999f9000-7f4e999fd000 ---p 00000000 00:00 0 
7f4e999fd000-7f4e99afa000 rw-p 00000000 00:00 0 
7f4e99afa000-7f4e99afe000 ---p 00000000 00:00 0 
7f4e99afe000-7f4e99bfb000 rw-p 00000000 00:00 0 
7f4e99bfb000-7f4e99bfc000 ---p 00000000 00:00 0 
7f4e99bfc000-7f4e9c000000 rw-p 00000000 00:00 0 
7f4e9c000000-7f4e9c021000 rw-p 00000000 00:00 0 
7f4e9c021000-7f4ea0000000 ---p 00000000 00:00 0 
7f4ea0077000-7f4ea007b000 r--p 00000000 08:01 5901352                    /usr/lib/x86_64-linux-gnu/libresolv-2.28.so
7f4ea007b000-7f4ea0088000 r-xp 00004000 08:01 5901352                    /usr/lib/x86_64-linux-gnu/libresolv-2.28.so
7f4ea0088000-7f4ea008c000 r--p 00011000 08:01 5901352                    /usr/lib/x86_64-linux-gnu/libresolv-2.28.so
7f4ea008c000-7f4ea008d000 ---p 00015000 08:01 5901352                    /usr/lib/x86_64-linux-gnu/libresolv-2.28.so
7f4ea008d000-7f4ea008e000 r--p 00015000 08:01 5901352                    /usr/lib/x86_64-linux-gnu/libresolv-2.28.so
7f4ea008e000-7f4ea008f000 rw-p 00016000 08:01 5901352                    /usr/lib/x86_64-linux-gnu/libresolv-2.28.so
7f4ea008f000-7f4ea0899000 rw-p 00000000 00:00 0 
7f4ea0899000-7f4ea0b09000 rwxp 00000000 00:00 0 
7f4ea0b09000-7f4ea0e29000 ---p 00000000 00:00 0 
7f4ea0e29000-7f4ea1899000 rwxp 00000000 00:00 0 
7f4ea1899000-7f4ea8361000 ---p 00000000 00:00 0 
7f4ea8361000-7f4ea85d1000 rwxp 00000000 00:00 0 
7f4ea85d1000-7f4eaf899000 ---p 00000000 00:00 0 
7f4eaf899000-7f4eb8000000 r--s 00000000 08:01 5508738                    /usr/lib/jvm/java-11-openjdk-amd64/lib/modules
7f4eb8000000-7f4eb851a000 rw-p 00000000 00:00 0 
7f4eb851a000-7f4ebc000000 ---p 00000000 00:00 0 
7f4ebc00e000-7f4ebc00f000 r--p 00000000 08:01 5900671                    /usr/lib/x86_64-linux-gnu/libnss_dns-2.28.so
7f4ebc00f000-7f4ebc013000 r-xp 00001000 08:01 5900671                    /usr/lib/x86_64-linux-gnu/libnss_dns-2.28.so
7f4ebc013000-7f4ebc014000 r--p 00005000 08:01 5900671                    /usr/lib/x86_64-linux-gnu/libnss_dns-2.28.so
7f4ebc014000-7f4ebc015000 r--p 00005000 08:01 5900671                    /usr/lib/x86_64-linux-gnu/libnss_dns-2.28.so
7f4ebc015000-7f4ebc016000 rw-p 00006000 08:01 5900671                    /usr/lib/x86_64-linux-gnu/libnss_dns-2.28.so
7f4ebc034000-7f4ebc035000 r--p 00000000 08:01 5508708                    /usr/lib/jvm/java-11-openjdk-amd64/lib/libextnet.so
7f4ebc035000-7f4ebc036000 r-xp 00001000 08:01 5508708                    /usr/lib/jvm/java-11-openjdk-amd64/lib/libextnet.so
7f4ebc036000-7f4ebc037000 r--p 00002000 08:01 5508708                    /usr/lib/jvm/java-11-openjdk-amd64/lib/libextnet.so
7f4ebc037000-7f4ebc038000 r--p 00002000 08:01 5508708                    /usr/lib/jvm/java-11-openjdk-amd64/lib/libextnet.so
7f4ebc038000-7f4ebc039000 rw-p 00003000 08:01 5508708                    /usr/lib/jvm/java-11-openjdk-amd64/lib/libextnet.so
7f4ebc039000-7f4ebc041000 r--p 00000000 08:01 5508734                    /usr/lib/jvm/java-11-openjdk-amd64/lib/libsunec.so
7f4ebc041000-7f4ebc059000 r-xp 00008000 08:01 5508734                    /usr/lib/jvm/java-11-openjdk-amd64/lib/libsunec.so
7f4ebc059000-7f4ebc063000 r--p 00020000 08:01 5508734                    /usr/lib/jvm/java-11-openjdk-amd64/lib/libsunec.so
7f4ebc063000-7f4ebc064000 ---p 0002a000 08:01 5508734                    /usr/lib/jvm/java-11-openjdk-amd64/lib/libsunec.so
7f4ebc064000-7f4ebc068000 r--p 0002a000 08:01 5508734                    /usr/lib/jvm/java-11-openjdk-amd64/lib/libsunec.so
7f4ebc068000-7f4ebc06a000 rw-p 0002e000 08:01 5508734                    /usr/lib/jvm/java-11-openjdk-amd64/lib/libsunec.so
7f4ebc06a000-7f4ebc06e000 ---p 00000000 00:00 0 
7f4ebc06e000-7f4ebc08c000 rw-p 00000000 00:00 0 
7f4ebc08c000-7f4ebc093000 r--s 00000000 08:01 5906482                    /usr/lib/x86_64-linux-gnu/gconv/gconv-modules.cache
7f4ebc093000-7f4ebc0b9000 r--p 00000000 08:01 7095669                    /usr/share/locale/pt_BR/LC_MESSAGES/libc.mo
7f4ebc0b9000-7f4ebc0bd000 r--p 00000000 08:01 5508728                    /usr/lib/jvm/java-11-openjdk-amd64/lib/libnet.so
7f4ebc0bd000-7f4ebc0cc000 r-xp 00004000 08:01 5508728                    /usr/lib/jvm/java-11-openjdk-amd64/lib/libnet.so
7f4ebc0cc000-7f4ebc0d0000 r--p 00013000 08:01 5508728                    /usr/lib/jvm/java-11-openjdk-amd64/lib/libnet.so
7f4ebc0d0000-7f4ebc0d1000 r--p 00016000 08:01 5508728                    /usr/lib/jvm/java-11-openjdk-amd64/lib/libnet.so
7f4ebc0d1000-7f4ebc0d2000 rw-p 00017000 08:01 5508728                    /usr/lib/jvm/java-11-openjdk-amd64/lib/libnet.so
7f4ebc0d2000-7f4ebc0d9000 r--p 00000000 08:01 5508729                    /usr/lib/jvm/java-11-openjdk-amd64/lib/libnio.so
7f4ebc0d9000-7f4ebc0e0000 r-xp 00007000 08:01 5508729                    /usr/lib/jvm/java-11-openjdk-amd64/lib/libnio.so
7f4ebc0e0000-7f4ebc0e3000 r--p 0000e000 08:01 5508729                    /usr/lib/jvm/java-11-openjdk-amd64/lib/libnio.so
7f4ebc0e3000-7f4ebc0e4000 r--p 00010000 08:01 5508729                    /usr/lib/jvm/java-11-openjdk-amd64/lib/libnio.so
7f4ebc0e4000-7f4ebc0e5000 rw-p 00011000 08:01 5508729                    /usr/lib/jvm/java-11-openjdk-amd64/lib/libnio.so
7f4ebc0e5000-7f4ebcfd9000 rw-p 00000000 00:00 0 
7f4ebcfd9000-7f4ebcfda000 ---p 00000000 00:00 0 
7f4ebcfda000-7f4ebd0fd000 rw-p 00000000 00:00 0 
7f4ebd0fd000-7f4ebd231000 ---p 00000000 00:00 0 
7f4ebd231000-7f4ebd253000 rw-p 00000000 00:00 0 
7f4ebd253000-7f4ebd386000 ---p 00000000 00:00 0 
7f4ebd386000-7f4ebd391000 rw-p 00000000 00:00 0 
7f4ebd391000-7f4ebd431000 ---p 00000000 00:00 0 
7f4ebd431000-7f4ebd437000 rw-p 00000000 00:00 0 
7f4ebd437000-7f4ebd51d000 ---p 00000000 00:00 0 
7f4ebd51d000-7f4ebd532000 rw-p 00000000 00:00 0 
7f4ebd532000-7f4ebd608000 ---p 00000000 00:00 0 
7f4ebd608000-7f4ebd60b000 r--p 00000000 08:01 5900712                    /usr/lib/x86_64-linux-gnu/libnss_files-2.28.so
7f4ebd60b000-7f4ebd612000 r-xp 00003000 08:01 5900712                    /usr/lib/x86_64-linux-gnu/libnss_files-2.28.so
7f4ebd612000-7f4ebd614000 r--p 0000a000 08:01 5900712                    /usr/lib/x86_64-linux-gnu/libnss_files-2.28.so
7f4ebd614000-7f4ebd615000 ---p 0000c000 08:01 5900712                    /usr/lib/x86_64-linux-gnu/libnss_files-2.28.so
7f4ebd615000-7f4ebd616000 r--p 0000c000 08:01 5900712                    /usr/lib/x86_64-linux-gnu/libnss_files-2.28.so
7f4ebd616000-7f4ebd617000 rw-p 0000d000 08:01 5900712                    /usr/lib/x86_64-linux-gnu/libnss_files-2.28.so
7f4ebd617000-7f4ebd622000 rw-p 00000000 00:00 0 
7f4ebd622000-7f4ebd629000 ---p 00000000 00:00 0 
7f4ebd629000-7f4ebd62b000 r--p 00000000 08:01 5508737                    /usr/lib/jvm/java-11-openjdk-amd64/lib/libzip.so
7f4ebd62b000-7f4ebd62f000 r-xp 00002000 08:01 5508737                    /usr/lib/jvm/java-11-openjdk-amd64/lib/libzip.so
7f4ebd62f000-7f4ebd631000 r--p 00006000 08:01 5508737                    /usr/lib/jvm/java-11-openjdk-amd64/lib/libzip.so
7f4ebd631000-7f4ebd632000 r--p 00007000 08:01 5508737                    /usr/lib/jvm/java-11-openjdk-amd64/lib/libzip.so
7f4ebd632000-7f4ebd633000 rw-p 00008000 08:01 5508737                    /usr/lib/jvm/java-11-openjdk-amd64/lib/libzip.so
7f4ebd633000-7f4ebd63b000 rw-s 00000000 08:01 1705094                    /tmp/hsperfdata_rodrigo/10297
7f4ebd63b000-7f4ebd63d000 r--p 00000000 08:01 5508710                    /usr/lib/jvm/java-11-openjdk-amd64/lib/libinstrument.so
7f4ebd63d000-7f4ebd643000 r-xp 00002000 08:01 5508710                    /usr/lib/jvm/java-11-openjdk-amd64/lib/libinstrument.so
7f4ebd643000-7f4ebd646000 r--p 00008000 08:01 5508710                    /usr/lib/jvm/java-11-openjdk-amd64/lib/libinstrument.so
7f4ebd646000-7f4ebd647000 r--p 0000a000 08:01 5508710                    /usr/lib/jvm/java-11-openjdk-amd64/lib/libinstrument.so
7f4ebd647000-7f4ebd648000 rw-p 0000b000 08:01 5508710                    /usr/lib/jvm/java-11-openjdk-amd64/lib/libinstrument.so
7f4ebd648000-7f4ebd656000 r--p 00000000 08:01 5508715                    /usr/lib/jvm/java-11-openjdk-amd64/lib/libjava.so
7f4ebd656000-7f4ebd66b000 r-xp 0000e000 08:01 5508715                    /usr/lib/jvm/java-11-openjdk-amd64/lib/libjava.so
7f4ebd66b000-7f4ebd672000 r--p 00023000 08:01 5508715                    /usr/lib/jvm/java-11-openjdk-amd64/lib/libjava.so
7f4ebd672000-7f4ebd673000 r--p 00029000 08:01 5508715                    /usr/lib/jvm/java-11-openjdk-amd64/lib/libjava.so
7f4ebd673000-7f4ebd674000 rw-p 0002a000 08:01 5508715                    /usr/lib/jvm/java-11-openjdk-amd64/lib/libjava.so
7f4ebd674000-7f4ebd675000 rw-p 00000000 00:00 0 
7f4ebd675000-7f4ebd677000 r--p 00000000 08:01 5901498                    /usr/lib/x86_64-linux-gnu/librt-2.28.so
7f4ebd677000-7f4ebd67b000 r-xp 00002000 08:01 5901498                    /usr/lib/x86_64-linux-gnu/librt-2.28.so
7f4ebd67b000-7f4ebd67d000 r--p 00006000 08:01 5901498                    /usr/lib/x86_64-linux-gnu/librt-2.28.so
7f4ebd67d000-7f4ebd67e000 r--p 00007000 08:01 5901498                    /usr/lib/x86_64-linux-gnu/librt-2.28.so
7f4ebd67e000-7f4ebd67f000 rw-p 00008000 08:01 5901498                    /usr/lib/x86_64-linux-gnu/librt-2.28.so
7f4ebd67f000-7f4ebd683000 ---p 00000000 00:00 0 
7f4ebd683000-7f4ebd780000 rw-p 00000000 00:00 0 
7f4ebd780000-7f4ebd783000 r--p 00000000 08:01 5899834                    /usr/lib/x86_64-linux-gnu/libgcc_s.so.1
7f4ebd783000-7f4ebd794000 r-xp 00003000 08:01 5899834                    /usr/lib/x86_64-linux-gnu/libgcc_s.so.1
7f4ebd794000-7f4ebd797000 r--p 00014000 08:01 5899834                    /usr/lib/x86_64-linux-gnu/libgcc_s.so.1
7f4ebd797000-7f4ebd798000 ---p 00017000 08:01 5899834                    /usr/lib/x86_64-linux-gnu/libgcc_s.so.1
7f4ebd798000-7f4ebd799000 r--p 00017000 08:01 5899834                    /usr/lib/x86_64-linux-gnu/libgcc_s.so.1
7f4ebd799000-7f4ebd79a000 rw-p 00018000 08:01 5899834                    /usr/lib/x86_64-linux-gnu/libgcc_s.so.1
7f4ebd79a000-7f4ebd7a7000 r--p 00000000 08:01 5900234                    /usr/lib/x86_64-linux-gnu/libm-2.28.so
7f4ebd7a7000-7f4ebd846000 r-xp 0000d000 08:01 5900234                    /usr/lib/x86_64-linux-gnu/libm-2.28.so
7f4ebd846000-7f4ebd91b000 r--p 000ac000 08:01 5900234                    /usr/lib/x86_64-linux-gnu/libm-2.28.so
7f4ebd91b000-7f4ebd91c000 r--p 00180000 08:01 5900234                    /usr/lib/x86_64-linux-gnu/libm-2.28.so
7f4ebd91c000-7f4ebd91d000 rw-p 00181000 08:01 5900234                    /usr/lib/x86_64-linux-gnu/libm-2.28.so
7f4ebd91d000-7f4ebd9a6000 r--p 00000000 08:01 5902919                    /usr/lib/x86_64-linux-gnu/libstdc++.so.6.0.25
7f4ebd9a6000-7f4ebda52000 r-xp 00089000 08:01 5902919                    /usr/lib/x86_64-linux-gnu/libstdc++.so.6.0.25
7f4ebda52000-7f4ebda90000 r--p 00135000 08:01 5902919                    /usr/lib/x86_64-linux-gnu/libstdc++.so.6.0.25
7f4ebda90000-7f4ebda91000 ---p 00173000 08:01 5902919                    /usr/lib/x86_64-linux-gnu/libstdc++.so.6.0.25
7f4ebda91000-7f4ebda9b000 r--p 00173000 08:01 5902919                    /usr/lib/x86_64-linux-gnu/libstdc++.so.6.0.25
7f4ebda9b000-7f4ebda9d000 rw-p 0017d000 08:01 5902919                    /usr/lib/x86_64-linux-gnu/libstdc++.so.6.0.25
7f4ebda9d000-7f4ebdaa1000 rw-p 00000000 00:00 0 
7f4ebdaa1000-7f4ebdd0e000 r--p 00000000 08:01 5508743                    /usr/lib/jvm/java-11-openjdk-amd64/lib/server/libjvm.so
7f4ebdd0e000-7f4ebe85b000 r-xp 0026d000 08:01 5508743                    /usr/lib/jvm/java-11-openjdk-amd64/lib/server/libjvm.so
7f4ebe85b000-7f4ebea95000 r--p 00dba000 08:01 5508743                    /usr/lib/jvm/java-11-openjdk-amd64/lib/server/libjvm.so
7f4ebea95000-7f4ebeb52000 r--p 00ff3000 08:01 5508743                    /usr/lib/jvm/java-11-openjdk-amd64/lib/server/libjvm.so
7f4ebeb52000-7f4ebeb8b000 rw-p 010b0000 08:01 5508743                    /usr/lib/jvm/java-11-openjdk-amd64/lib/server/libjvm.so
7f4ebeb8b000-7f4ebebe4000 rw-p 00000000 00:00 0 
7f4ebebe4000-7f4ebec06000 r--p 00000000 08:01 5899464                    /usr/lib/x86_64-linux-gnu/libc-2.28.so
7f4ebec06000-7f4ebed4e000 r-xp 00022000 08:01 5899464                    /usr/lib/x86_64-linux-gnu/libc-2.28.so
7f4ebed4e000-7f4ebed9a000 r--p 0016a000 08:01 5899464                    /usr/lib/x86_64-linux-gnu/libc-2.28.so
7f4ebed9a000-7f4ebed9b000 ---p 001b6000 08:01 5899464                    /usr/lib/x86_64-linux-gnu/libc-2.28.so
7f4ebed9b000-7f4ebed9f000 r--p 001b6000 08:01 5899464                    /usr/lib/x86_64-linux-gnu/libc-2.28.so
7f4ebed9f000-7f4ebeda1000 rw-p 001ba000 08:01 5899464                    /usr/lib/x86_64-linux-gnu/libc-2.28.so
7f4ebeda1000-7f4ebeda5000 rw-p 00000000 00:00 0 
7f4ebeda5000-7f4ebeda6000 r--p 00000000 08:01 5900233                    /usr/lib/x86_64-linux-gnu/libdl-2.28.so
7f4ebeda6000-7f4ebeda7000 r-xp 00001000 08:01 5900233                    /usr/lib/x86_64-linux-gnu/libdl-2.28.so
7f4ebeda7000-7f4ebeda8000 r--p 00002000 08:01 5900233                    /usr/lib/x86_64-linux-gnu/libdl-2.28.so
7f4ebeda8000-7f4ebeda9000 r--p 00002000 08:01 5900233                    /usr/lib/x86_64-linux-gnu/libdl-2.28.so
7f4ebeda9000-7f4ebedaa000 rw-p 00003000 08:01 5900233                    /usr/lib/x86_64-linux-gnu/libdl-2.28.so
7f4ebedaa000-7f4ebedad000 r--p 00000000 08:01 5508699                    /usr/lib/jvm/java-11-openjdk-amd64/lib/jli/libjli.so
7f4ebedad000-7f4ebedb7000 r-xp 00003000 08:01 5508699                    /usr/lib/jvm/java-11-openjdk-amd64/lib/jli/libjli.so
7f4ebedb7000-7f4ebedba000 r--p 0000d000 08:01 5508699                    /usr/lib/jvm/java-11-openjdk-amd64/lib/jli/libjli.so
7f4ebedba000-7f4ebedbb000 ---p 00010000 08:01 5508699                    /usr/lib/jvm/java-11-openjdk-amd64/lib/jli/libjli.so
7f4ebedbb000-7f4ebedbc000 r--p 00010000 08:01 5508699                    /usr/lib/jvm/java-11-openjdk-amd64/lib/jli/libjli.so
7f4ebedbc000-7f4ebedbd000 rw-p 00011000 08:01 5508699                    /usr/lib/jvm/java-11-openjdk-amd64/lib/jli/libjli.so
7f4ebedbd000-7f4ebedc3000 r--p 00000000 08:01 5900986                    /usr/lib/x86_64-linux-gnu/libpthread-2.28.so
7f4ebedc3000-7f4ebedd2000 r-xp 00006000 08:01 5900986                    /usr/lib/x86_64-linux-gnu/libpthread-2.28.so
7f4ebedd2000-7f4ebedd8000 r--p 00015000 08:01 5900986                    /usr/lib/x86_64-linux-gnu/libpthread-2.28.so
7f4ebedd8000-7f4ebedd9000 r--p 0001a000 08:01 5900986                    /usr/lib/x86_64-linux-gnu/libpthread-2.28.so
7f4ebedd9000-7f4ebedda000 rw-p 0001b000 08:01 5900986                    /usr/lib/x86_64-linux-gnu/libpthread-2.28.so
7f4ebedda000-7f4ebedde000 rw-p 00000000 00:00 0 
7f4ebedde000-7f4ebede1000 r--p 00000000 08:01 5902244                    /usr/lib/x86_64-linux-gnu/libz.so.1.2.11
7f4ebede1000-7f4ebedf2000 r-xp 00003000 08:01 5902244                    /usr/lib/x86_64-linux-gnu/libz.so.1.2.11
7f4ebedf2000-7f4ebedf8000 r--p 00014000 08:01 5902244                    /usr/lib/x86_64-linux-gnu/libz.so.1.2.11
7f4ebedf8000-7f4ebedf9000 ---p 0001a000 08:01 5902244                    /usr/lib/x86_64-linux-gnu/libz.so.1.2.11
7f4ebedf9000-7f4ebedfa000 r--p 0001a000 08:01 5902244                    /usr/lib/x86_64-linux-gnu/libz.so.1.2.11
7f4ebedfa000-7f4ebedfb000 rw-p 0001b000 08:01 5902244                    /usr/lib/x86_64-linux-gnu/libz.so.1.2.11
7f4ebedfb000-7f4ebedfd000 rw-p 00000000 00:00 0 
7f4ebedfd000-7f4ebedff000 r--s 00007000 08:01 6962982                    /usr/share/java/java-atk-wrapper.jar
7f4ebedff000-7f4ebee00000 ---p 00000000 00:00 0 
7f4ebee00000-7f4ebee01000 r--p 00000000 00:00 0 
7f4ebee01000-7f4ebee03000 r--p 00000000 08:01 5508719                    /usr/lib/jvm/java-11-openjdk-amd64/lib/libjimage.so
7f4ebee03000-7f4ebee06000 r-xp 00002000 08:01 5508719                    /usr/lib/jvm/java-11-openjdk-amd64/lib/libjimage.so
7f4ebee06000-7f4ebee08000 r--p 00005000 08:01 5508719                    /usr/lib/jvm/java-11-openjdk-amd64/lib/libjimage.so
7f4ebee08000-7f4ebee09000 r--p 00006000 08:01 5508719                    /usr/lib/jvm/java-11-openjdk-amd64/lib/libjimage.so
7f4ebee09000-7f4ebee0a000 rw-p 00007000 08:01 5508719                    /usr/lib/jvm/java-11-openjdk-amd64/lib/libjimage.so
7f4ebee0a000-7f4ebee0f000 r--p 00000000 08:01 5508736                    /usr/lib/jvm/java-11-openjdk-amd64/lib/libverify.so
7f4ebee0f000-7f4ebee16000 r-xp 00005000 08:01 5508736                    /usr/lib/jvm/java-11-openjdk-amd64/lib/libverify.so
7f4ebee16000-7f4ebee18000 r--p 0000c000 08:01 5508736                    /usr/lib/jvm/java-11-openjdk-amd64/lib/libverify.so
7f4ebee18000-7f4ebee1a000 r--p 0000d000 08:01 5508736                    /usr/lib/jvm/java-11-openjdk-amd64/lib/libverify.so
7f4ebee1a000-7f4ebee1b000 rw-p 0000f000 08:01 5508736                    /usr/lib/jvm/java-11-openjdk-amd64/lib/libverify.so
7f4ebee1b000-7f4ebee1c000 r--p 00000000 08:01 5899326                    /usr/lib/x86_64-linux-gnu/ld-2.28.so
7f4ebee1c000-7f4ebee3a000 r-xp 00001000 08:01 5899326                    /usr/lib/x86_64-linux-gnu/ld-2.28.so
7f4ebee3a000-7f4ebee42000 r--p 0001f000 08:01 5899326                    /usr/lib/x86_64-linux-gnu/ld-2.28.so
7f4ebee42000-7f4ebee43000 r--p 00026000 08:01 5899326                    /usr/lib/x86_64-linux-gnu/ld-2.28.so
7f4ebee43000-7f4ebee44000 rw-p 00027000 08:01 5899326                    /usr/lib/x86_64-linux-gnu/ld-2.28.so
7f4ebee44000-7f4ebee45000 rw-p 00000000 00:00 0 
7ffe8456a000-7ffe8458b000 rw-p 00000000 00:00 0                          [stack]
7ffe845b7000-7ffe845ba000 r--p 00000000 00:00 0                          [vvar]
7ffe845ba000-7ffe845bb000 r-xp 00000000 00:00 0                          [vdso]
ffffffffff600000-ffffffffff601000 --xp 00000000 00:00 0                  [vsyscall]


VM Arguments:
jvm_args: --add-modules=ALL-SYSTEM --add-opens=java.base/java.util=ALL-UNNAMED --add-opens=java.base/java.lang=ALL-UNNAMED -Declipse.application=org.eclipse.jdt.ls.core.id1 -Dosgi.bundles.defaultStartLevel=4 -Declipse.product=org.eclipse.jdt.ls.core.product -Dfile.encoding=utf8 -XX:+UseParallelGC -XX:GCTimeRatio=4 -XX:AdaptiveSizePolicyWeight=90 -Dsun.zip.disableMemoryMapping=true -Xmx1G -Xms100m -javaagent:/home/rodrigo/.vscode/extensions/gabrielbb.vscode-lombok-1.0.1/server/lombok.jar -Xverify:none 
java_command: /home/rodrigo/.vscode/extensions/redhat.java-0.72.0/server/plugins/org.eclipse.equinox.launcher_1.6.0.v20200915-1508.jar -configuration /home/rodrigo/.config/Code/User/globalStorage/redhat.java/0.72.0/config_linux -data /home/rodrigo/.config/Code/User/workspaceStorage/d56b54429a19c016c7d376f4fb1a2344/redhat.java/jdt_ws
java_class_path (initial): /home/rodrigo/.vscode/extensions/redhat.java-0.72.0/server/plugins/org.eclipse.equinox.launcher_1.6.0.v20200915-1508.jar
Launcher Type: SUN_STANDARD

[Global flags]
    uintx AdaptiveSizePolicyWeight                 = 90                                        {product} {command line}
     bool BytecodeVerificationLocal                = false                                     {product} {command line}
     bool BytecodeVerificationRemote               = false                                     {product} {command line}
     intx CICompilerCount                          = 3                                         {product} {ergonomic}
    uintx GCTimeRatio                              = 4                                         {product} {command line}
   size_t InitialHeapSize                          = 104857600                                 {product} {command line}
   size_t MaxHeapSize                              = 1073741824                                {product} {command line}
   size_t MaxNewSize                               = 357564416                                 {product} {ergonomic}
   size_t MinHeapDeltaBytes                        = 524288                                    {product} {ergonomic}
   size_t NewSize                                  = 34603008                                  {product} {ergonomic}
    uintx NonNMethodCodeHeapSize                   = 5830732                                {pd product} {ergonomic}
    uintx NonProfiledCodeHeapSize                  = 122913754                              {pd product} {ergonomic}
   size_t OldSize                                  = 70254592                                  {product} {ergonomic}
    uintx ProfiledCodeHeapSize                     = 122913754                              {pd product} {ergonomic}
    uintx ReservedCodeCacheSize                    = 251658240                              {pd product} {ergonomic}
     bool SegmentedCodeCache                       = true                                      {product} {ergonomic}
     bool UseCompressedClassPointers               = true                                 {lp64_product} {ergonomic}
     bool UseCompressedOops                        = true                                 {lp64_product} {ergonomic}
     bool UseParallelGC                            = true                                      {product} {command line}

Logging:
Log output configuration:
 #0: stdout all=warning uptime,level,tags
 #1: stderr all=off uptime,level,tags

Environment Variables:
PATH=/usr/local/bin:/usr/bin:/bin:/usr/local/games:/usr/games:/sbin:/usr/sbin
SHELL=/bin/bash
DISPLAY=:0
LANG=pt_BR.UTF-8

Signal Handlers:
SIGSEGV: [libjvm.so+0xd469b0], sa_mask[0]=11111111011111111101111111111110, sa_flags=SA_RESTART|SA_SIGINFO
SIGBUS: [libjvm.so+0xd469b0], sa_mask[0]=11111111011111111101111111111110, sa_flags=SA_RESTART|SA_SIGINFO
SIGFPE: [libjvm.so+0xd469b0], sa_mask[0]=11111111011111111101111111111110, sa_flags=SA_RESTART|SA_SIGINFO
SIGPIPE: [libjvm.so+0xb48950], sa_mask[0]=11111111011111111101111111111110, sa_flags=SA_RESTART|SA_SIGINFO
SIGXFSZ: [libjvm.so+0xb48950], sa_mask[0]=11111111011111111101111111111110, sa_flags=SA_RESTART|SA_SIGINFO
SIGILL: [libjvm.so+0xd469b0], sa_mask[0]=11111111011111111101111111111110, sa_flags=SA_RESTART|SA_SIGINFO
SIGUSR2: [libjvm.so+0xb487e0], sa_mask[0]=00000000000000000000000000000000, sa_flags=SA_RESTART|SA_SIGINFO
SIGHUP: [libjvm.so+0xb48c90], sa_mask[0]=11111111011111111101111111111110, sa_flags=SA_RESTART|SA_SIGINFO
SIGINT: [libjvm.so+0xb48c90], sa_mask[0]=11111111011111111101111111111110, sa_flags=SA_RESTART|SA_SIGINFO
SIGTERM: [libjvm.so+0xb48c90], sa_mask[0]=11111111011111111101111111111110, sa_flags=SA_RESTART|SA_SIGINFO
SIGQUIT: [libjvm.so+0xb48c90], sa_mask[0]=11111111011111111101111111111110, sa_flags=SA_RESTART|SA_SIGINFO


---------------  S Y S T E M  ---------------

OS:DISTRIB_ID=Deepin
DISTRIB_RELEASE=20
DISTRIB_DESCRIPTION="Deepin 20"
DISTRIB_CODENAME=apricot
uname:Linux 5.4.70-amd64-desktop #1 SMP Wed Oct 14 15:24:23 CST 2020 x86_64
OS uptime: 0 days 0:05 hours
libc:glibc 2.28 NPTL 2.28 
rlimit (soft/hard): STACK 8192k/infinity , CORE 0k/infinity , NPROC 31348/31348 , NOFILE 1048576/1048576 , AS infinity/infinity , CPU infinity/infinity , DATA infinity/infinity , FSIZE infinity/infinity , MEMLOCK 65536k/65536k
load average:3,84 1,46 0,59

/proc/meminfo:
MemTotal:        8098368 kB
MemFree:         3369480 kB
MemAvailable:    5237276 kB
Buffers:           86784 kB
Cached:          2586168 kB
SwapCached:            0 kB
Active:          2438304 kB
Inactive:        1833532 kB
Active(anon):    1698820 kB
Inactive(anon):   536784 kB
Active(file):     739484 kB
Inactive(file):  1296748 kB
Unevictable:      146604 kB
Mlocked:              80 kB
SwapTotal:             0 kB
SwapFree:              0 kB
Dirty:              2808 kB
Writeback:             0 kB
AnonPages:       1745892 kB
Mapped:          1222128 kB
Shmem:            692960 kB
KReclaimable:     104676 kB
Slab:             215732 kB
SReclaimable:     104676 kB
SUnreclaim:       111056 kB
KernelStack:       14600 kB
PageTables:        28148 kB
NFS_Unstable:          0 kB
Bounce:                0 kB
WritebackTmp:          0 kB
CommitLimit:     4049184 kB
Committed_AS:    9912336 kB
VmallocTotal:   34359738367 kB
VmallocUsed:       32164 kB
VmallocChunk:          0 kB
Percpu:             5056 kB
HardwareCorrupted:     0 kB
AnonHugePages:         0 kB
ShmemHugePages:        0 kB
ShmemPmdMapped:        0 kB
FileHugePages:         0 kB
FilePmdMapped:         0 kB
CmaTotal:              0 kB
CmaFree:               0 kB
HugePages_Total:       0
HugePages_Free:        0
HugePages_Rsvd:        0
HugePages_Surp:        0
Hugepagesize:       2048 kB
Hugetlb:               0 kB
DirectMap4k:      223488 kB
DirectMap2M:     8112128 kB

/sys/kernel/mm/transparent_hugepage/enabled:
always [madvise] never
/sys/kernel/mm/transparent_hugepage/defrag (defrag/compaction efforts parameter):
always defer defer+madvise [madvise] never

/proc/sys/kernel/threads-max (system-wide limit on the number of threads):
62696
/proc/sys/vm/max_map_count (maximum number of memory map areas a process may have):
65530
/proc/sys/kernel/pid_max (system-wide limit on number of process identifiers):
32768

container (cgroup) information:
container_type: cgroupv1
cpu_cpuset_cpus: 0-3
cpu_memory_nodes: 0
active_processor_count: 4
cpu_quota: -1
cpu_period: 100000
cpu_shares: -1
memory_limit_in_bytes: -1
memory_and_swap_limit_in_bytes: -2
memory_soft_limit_in_bytes: -1
memory_usage_in_bytes: 1278853120
memory_max_usage_in_bytes: 1280684032

Steal ticks since vm start: 0
Steal ticks percentage since vm start:  0,000

CPU:total 4 (initial active 4) (2 cores per cpu, 2 threads per core) family 6 model 42 stepping 7, cmov, cx8, fxsr, mmx, sse, sse2, sse3, ssse3, sse4.1, sse4.2, popcnt, avx, clmul, ht, tsc, tscinvbit
CPU Model and flags from /proc/cpuinfo:
model name	: Intel(R) Core(TM) i3-2350M CPU @ 2.30GHz
flags		: fpu vme de pse tsc msr pae mce cx8 apic sep mtrr pge mca cmov pat pse36 clflush dts acpi mmx fxsr sse sse2 ht tm pbe syscall nx rdtscp lm constant_tsc arch_perfmon pebs bts rep_good nopl xtopology nonstop_tsc cpuid aperfmperf pni pclmulqdq dtes64 monitor ds_cpl vmx est tm2 ssse3 cx16 xtpr pdcm pcid sse4_1 sse4_2 x2apic popcnt tsc_deadline_timer xsave avx lahf_lm epb pti tpr_shadow vnmi flexpriority ept vpid xsaveopt dtherm arat pln pts
Online cpus:
0-3
Offline cpus:
4-7
BIOS frequency limitation:
<Not Available>
Frequency switch latency (ns):
0
Available cpu frequencies:
<Not Available>
Current governor:
performance
Core performance/turbo boost:
<Not Available>

Memory: 4k page, physical 8098368k(3369480k free), swap 0k(0k free)

vm_info: OpenJDK 64-Bit Server VM (11.0.9+11-post-Uos-1deb10u1) for linux-amd64 JRE (11.0.9+11-post-Uos-1deb10u1), built on Oct 29 2020 16:27:18 by "unknown" with gcc 8.3.0

END.
